2023-10-20 09:59:35,391 [INFO] UtilMem:75 - End SaveConfig() Used Memory: 453165048 Bytes (1006632960)
2023-10-20 09:59:37,473 [INFO] UtilMem:75 - End SaveConfig() Used Memory: 485144568 Bytes (1006632960)
2023-10-20 09:59:37,706 [INFO] UtilMem:75 - End SaveConfig() Used Memory: 517128184 Bytes (1006632960)
2023-10-20 09:59:37,899 [INFO] BlockDiagram:2759 - set Specific Code input for plugin: STMicroelectronics.X-CUBE-ALGOBUILD.1.3.0
2023-10-20 09:59:37,900 [INFO] BlockDiagram:2759 - set Specific Code input for plugin: SYS
2023-10-20 09:59:37,900 [INFO] BlockDiagram:2759 - set Specific Code input for plugin: RCC
2023-10-20 09:59:37,900 [INFO] BlockDiagram:2759 - set Specific Code input for plugin: NVIC
2023-10-20 09:59:37,900 [INFO] BlockDiagram:2759 - set Specific Code input for plugin: GPIO
2023-10-20 09:59:37,900 [WARN] ThirdPartyIpManager:480 - Condition 'CM3_GCC' not fulfilled in pack 'STMicroelectronics.X-CUBE-ALGOBUILD.1.3.0'
2023-10-20 09:59:37,901 [WARN] ThirdPartyIpManager:480 - Condition 'CM3_IAR' not fulfilled in pack 'STMicroelectronics.X-CUBE-ALGOBUILD.1.3.0'
2023-10-20 09:59:37,901 [WARN] ThirdPartyIpManager:480 - Condition 'CM3_Keil' not fulfilled in pack 'STMicroelectronics.X-CUBE-ALGOBUILD.1.3.0'
2023-10-20 09:59:37,901 [WARN] ThirdPartyIpManager:480 - Condition 'CM4_IAR' not fulfilled in pack 'STMicroelectronics.X-CUBE-ALGOBUILD.1.3.0'
2023-10-20 09:59:37,901 [WARN] ThirdPartyIpManager:480 - Condition 'CM4_Keil' not fulfilled in pack 'STMicroelectronics.X-CUBE-ALGOBUILD.1.3.0'
2023-10-20 09:59:37,901 [INFO] CodeGenerator:799 - code generatio: config db path: /opt/st/stm32cubeide_1.13.2/plugins/com.st.stm32cube.common.mx_6.9.2.202309101412//db/
2023-10-20 09:59:38,024 [INFO] IP:3348 - RTE Config file name : RTE_Component
2023-10-20 09:59:38,024 [INFO] IP:3366 - RTE template : RTE_Components.ftl
2023-10-20 09:59:38,028 [INFO] CodeEngine:255 - oldGeneratedFile, /home/joel/STM32CubeIDE/workspace_1.13.2/try2/MXTmpFiles/license.tmp_save
2023-10-20 09:59:38,097 [INFO] CodeEngine:279 - Generated code: /home/joel/STM32CubeIDE/workspace_1.13.2/try2/MXTmpFiles/license.tmp
2023-10-20 09:59:38,117 [INFO] CodeEngine:255 - oldGeneratedFile, /home/joel/STM32CubeIDE/workspace_1.13.2/try2/MXTmpFiles/gpio.tmp_save
2023-10-20 09:59:38,180 [INFO] CodeEngine:279 - Generated code: /home/joel/STM32CubeIDE/workspace_1.13.2/try2/MXTmpFiles/gpio.tmp
2023-10-20 09:59:38,228 [INFO] Middleware:1439 - No code input for Bsp Dependency
2023-10-20 09:59:38,228 [INFO] Middleware:1439 - No code input for Bsp Dependency
2023-10-20 09:59:38,231 [INFO] CodeEngine:255 - oldGeneratedFile, /home/joel/STM32CubeIDE/workspace_1.13.2/try2/Core/Src/stm32l4xx_it.c_save
2023-10-20 09:59:38,347 [INFO] CodeEngine:279 - Generated code: /home/joel/STM32CubeIDE/workspace_1.13.2/try2/Core/Src/stm32l4xx_it.c
2023-10-20 09:59:38,348 [INFO] CodeEngine:255 - oldGeneratedFile, /home/joel/STM32CubeIDE/workspace_1.13.2/try2/Core/Inc/stm32l4xx_it.h_save
2023-10-20 09:59:38,399 [INFO] CodeEngine:279 - Generated code: /home/joel/STM32CubeIDE/workspace_1.13.2/try2/Core/Inc/stm32l4xx_it.h
2023-10-20 09:59:38,403 [INFO] CodeEngine:255 - oldGeneratedFile, /home/joel/STM32CubeIDE/workspace_1.13.2/try2/Core/Src/stm32l4xx_hal_msp.c_save
2023-10-20 09:59:38,477 [INFO] CodeEngine:279 - Generated code: /home/joel/STM32CubeIDE/workspace_1.13.2/try2/Core/Src/stm32l4xx_hal_msp.c
2023-10-20 09:59:38,478 [INFO] CodeEngine:255 - oldGeneratedFile, /home/joel/STM32CubeIDE/workspace_1.13.2/try2/MXTmpFiles/system.tmp_save
2023-10-20 09:59:38,527 [INFO] CodeEngine:279 - Generated code: /home/joel/STM32CubeIDE/workspace_1.13.2/try2/MXTmpFiles/system.tmp
2023-10-20 09:59:38,531 [INFO] CodeEngine:311 - oldGeneratedFile, /home/joel/STM32CubeIDE/workspace_1.13.2/try2/Core/Inc/stm32l4xx_hal_conf.h_save
2023-10-20 09:59:38,588 [INFO] CodeEngine:335 - Generated code: /home/joel/STM32CubeIDE/workspace_1.13.2/try2/Core/Inc/stm32l4xx_hal_conf.h
2023-10-20 09:59:38,619 [INFO] CodeEngine:255 - oldGeneratedFile, /home/joel/STM32CubeIDE/workspace_1.13.2/try2/Core/Inc/main.h_save
2023-10-20 09:59:38,789 [INFO] CodeEngine:279 - Generated code: /home/joel/STM32CubeIDE/workspace_1.13.2/try2/Core/Inc/main.h
2023-10-20 09:59:38,791 [INFO] CodeEngine:255 - oldGeneratedFile, /home/joel/STM32CubeIDE/workspace_1.13.2/try2/Core/Src/main.c_save
2023-10-20 09:59:38,879 [INFO] CodeEngine:279 - Generated code: /home/joel/STM32CubeIDE/workspace_1.13.2/try2/Core/Src/main.c
2023-10-20 09:59:39,359 [INFO] ProjectBuilder:3064 - Time for Copy HAL[1] : 37mS.
2023-10-20 09:59:39,360 [WARN] ThirdPartyIpManager:480 - Condition 'CM3_GCC' not fulfilled in pack 'STMicroelectronics.X-CUBE-ALGOBUILD.1.3.0'
2023-10-20 09:59:39,360 [WARN] ThirdPartyIpManager:480 - Condition 'CM3_IAR' not fulfilled in pack 'STMicroelectronics.X-CUBE-ALGOBUILD.1.3.0'
2023-10-20 09:59:39,360 [WARN] ThirdPartyIpManager:480 - Condition 'CM3_Keil' not fulfilled in pack 'STMicroelectronics.X-CUBE-ALGOBUILD.1.3.0'
2023-10-20 09:59:39,360 [WARN] ThirdPartyIpManager:480 - Condition 'CM4_IAR' not fulfilled in pack 'STMicroelectronics.X-CUBE-ALGOBUILD.1.3.0'
2023-10-20 09:59:39,360 [WARN] ThirdPartyIpManager:480 - Condition 'CM4_Keil' not fulfilled in pack 'STMicroelectronics.X-CUBE-ALGOBUILD.1.3.0'
2023-10-20 09:59:39,371 [INFO] ProjectBuilder:8556 - Time for Copy ThirdParty[1] : 11mS.
2023-10-20 09:59:39,372 [INFO] ProjectBuilder:4404 - Project Generator version: 4.1.0
2023-10-20 09:59:39,557 [INFO] ConfigFileManager:1457 - The Die is : DIE415
2023-10-20 09:59:40,738 [INFO] ProjectBuilder:4626 - Time for Generating toolchain IDE Files: 1366mS.
2023-10-20 09:59:40,738 [INFO] ProjectBuilder:2935 - Time for Copy CMSIS : 0mS.
2023-10-20 09:59:40,739 [INFO] ProjectBuilder:2935 - Time for Copy CMSIS : 0mS.
2023-10-20 10:20:56,411 [INFO] UtilMem:75 - End SaveConfig() Used Memory: 445219120 Bytes (1055916032)
2023-10-20 10:20:58,224 [INFO] UtilMem:75 - End SaveConfig() Used Memory: 481392944 Bytes (1055916032)
2023-10-20 10:20:58,436 [INFO] UtilMem:75 - End SaveConfig() Used Memory: 549550384 Bytes (1055916032)
2023-10-20 10:20:58,658 [INFO] BlockDiagram:2759 - set Specific Code input for plugin: STMicroelectronics.X-CUBE-ALGOBUILD.1.3.0
2023-10-20 10:20:58,658 [INFO] BlockDiagram:2759 - set Specific Code input for plugin: SYS
2023-10-20 10:20:58,658 [INFO] BlockDiagram:2759 - set Specific Code input for plugin: RCC
2023-10-20 10:20:58,658 [INFO] BlockDiagram:2759 - set Specific Code input for plugin: NVIC
2023-10-20 10:20:58,658 [INFO] BlockDiagram:2759 - set Specific Code input for plugin: USART
2023-10-20 10:20:58,659 [INFO] BlockDiagram:2759 - set Specific Code input for plugin: GPIO
2023-10-20 10:20:58,659 [WARN] ThirdPartyIpManager:480 - Condition 'CM3_GCC' not fulfilled in pack 'STMicroelectronics.X-CUBE-ALGOBUILD.1.3.0'
2023-10-20 10:20:58,659 [WARN] ThirdPartyIpManager:480 - Condition 'CM3_IAR' not fulfilled in pack 'STMicroelectronics.X-CUBE-ALGOBUILD.1.3.0'
2023-10-20 10:20:58,659 [WARN] ThirdPartyIpManager:480 - Condition 'CM3_Keil' not fulfilled in pack 'STMicroelectronics.X-CUBE-ALGOBUILD.1.3.0'
2023-10-20 10:20:58,660 [WARN] ThirdPartyIpManager:480 - Condition 'CM4_IAR' not fulfilled in pack 'STMicroelectronics.X-CUBE-ALGOBUILD.1.3.0'
2023-10-20 10:20:58,660 [WARN] ThirdPartyIpManager:480 - Condition 'CM4_Keil' not fulfilled in pack 'STMicroelectronics.X-CUBE-ALGOBUILD.1.3.0'
2023-10-20 10:20:58,660 [INFO] CodeGenerator:799 - code generatio: config db path: /opt/st/stm32cubeide_1.13.2/plugins/com.st.stm32cube.common.mx_6.9.2.202309101412//db/
2023-10-20 10:20:58,821 [INFO] IP:3348 - RTE Config file name : RTE_Component
2023-10-20 10:20:58,821 [INFO] IP:3366 - RTE template : RTE_Components.ftl
2023-10-20 10:20:58,824 [INFO] CodeEngine:255 - oldGeneratedFile, /home/joel/STM32CubeIDE/workspace_1.13.2/try2/MXTmpFiles/license.tmp_save
2023-10-20 10:20:58,929 [INFO] CodeEngine:279 - Generated code: /home/joel/STM32CubeIDE/workspace_1.13.2/try2/MXTmpFiles/license.tmp
2023-10-20 10:20:58,953 [INFO] CodeEngine:255 - oldGeneratedFile, /home/joel/STM32CubeIDE/workspace_1.13.2/try2/MXTmpFiles/gpio.tmp_save
2023-10-20 10:20:59,020 [INFO] CodeEngine:279 - Generated code: /home/joel/STM32CubeIDE/workspace_1.13.2/try2/MXTmpFiles/gpio.tmp
2023-10-20 10:20:59,201 [INFO] Middleware:1439 - No code input for Bsp Dependency
2023-10-20 10:20:59,201 [INFO] Middleware:1439 - No code input for Bsp Dependency
2023-10-20 10:20:59,205 [INFO] CodeEngine:255 - oldGeneratedFile, /home/joel/STM32CubeIDE/workspace_1.13.2/try2/Core/Src/stm32l4xx_it.c_save
2023-10-20 10:20:59,327 [INFO] CodeEngine:279 - Generated code: /home/joel/STM32CubeIDE/workspace_1.13.2/try2/Core/Src/stm32l4xx_it.c
2023-10-20 10:20:59,328 [INFO] CodeEngine:255 - oldGeneratedFile, /home/joel/STM32CubeIDE/workspace_1.13.2/try2/Core/Inc/stm32l4xx_it.h_save
2023-10-20 10:20:59,383 [INFO] CodeEngine:279 - Generated code: /home/joel/STM32CubeIDE/workspace_1.13.2/try2/Core/Inc/stm32l4xx_it.h
2023-10-20 10:20:59,386 [INFO] CodeEngine:255 - oldGeneratedFile, /home/joel/STM32CubeIDE/workspace_1.13.2/try2/Core/Src/stm32l4xx_hal_msp.c_save
2023-10-20 10:20:59,477 [INFO] CodeEngine:279 - Generated code: /home/joel/STM32CubeIDE/workspace_1.13.2/try2/Core/Src/stm32l4xx_hal_msp.c
2023-10-20 10:20:59,478 [INFO] CodeEngine:255 - oldGeneratedFile, /home/joel/STM32CubeIDE/workspace_1.13.2/try2/MXTmpFiles/system.tmp_save
2023-10-20 10:20:59,527 [INFO] CodeEngine:279 - Generated code: /home/joel/STM32CubeIDE/workspace_1.13.2/try2/MXTmpFiles/system.tmp
2023-10-20 10:20:59,529 [INFO] CodeEngine:311 - oldGeneratedFile, /home/joel/STM32CubeIDE/workspace_1.13.2/try2/Core/Inc/stm32l4xx_hal_conf.h_save
2023-10-20 10:20:59,586 [INFO] CodeEngine:335 - Generated code: /home/joel/STM32CubeIDE/workspace_1.13.2/try2/Core/Inc/stm32l4xx_hal_conf.h
2023-10-20 10:20:59,619 [INFO] CodeEngine:255 - oldGeneratedFile, /home/joel/STM32CubeIDE/workspace_1.13.2/try2/Core/Inc/main.h_save
2023-10-20 10:20:59,689 [INFO] CodeEngine:279 - Generated code: /home/joel/STM32CubeIDE/workspace_1.13.2/try2/Core/Inc/main.h
2023-10-20 10:20:59,690 [INFO] CodeEngine:255 - oldGeneratedFile, /home/joel/STM32CubeIDE/workspace_1.13.2/try2/Core/Src/main.c_save
2023-10-20 10:20:59,764 [INFO] CodeEngine:279 - Generated code: /home/joel/STM32CubeIDE/workspace_1.13.2/try2/Core/Src/main.c
2023-10-20 10:21:00,246 [INFO] ProjectBuilder:3064 - Time for Copy HAL[1] : 20mS.
2023-10-20 10:21:00,247 [WARN] ThirdPartyIpManager:480 - Condition 'CM3_GCC' not fulfilled in pack 'STMicroelectronics.X-CUBE-ALGOBUILD.1.3.0'
2023-10-20 10:21:00,247 [WARN] ThirdPartyIpManager:480 - Condition 'CM3_IAR' not fulfilled in pack 'STMicroelectronics.X-CUBE-ALGOBUILD.1.3.0'
2023-10-20 10:21:00,247 [WARN] ThirdPartyIpManager:480 - Condition 'CM3_Keil' not fulfilled in pack 'STMicroelectronics.X-CUBE-ALGOBUILD.1.3.0'
2023-10-20 10:21:00,247 [WARN] ThirdPartyIpManager:480 - Condition 'CM4_IAR' not fulfilled in pack 'STMicroelectronics.X-CUBE-ALGOBUILD.1.3.0'
2023-10-20 10:21:00,247 [WARN] ThirdPartyIpManager:480 - Condition 'CM4_Keil' not fulfilled in pack 'STMicroelectronics.X-CUBE-ALGOBUILD.1.3.0'
2023-10-20 10:21:00,253 [INFO] ProjectBuilder:8556 - Time for Copy ThirdParty[1] : 6mS.
2023-10-20 10:21:00,254 [INFO] ProjectBuilder:4404 - Project Generator version: 4.1.0
2023-10-20 10:21:00,516 [INFO] ConfigFileManager:1457 - The Die is : DIE415
2023-10-20 10:21:01,740 [INFO] ProjectBuilder:4626 - Time for Generating toolchain IDE Files: 1486mS.
2023-10-20 10:21:01,741 [INFO] ProjectBuilder:2935 - Time for Copy CMSIS : 0mS.
2023-10-20 10:21:01,741 [INFO] ProjectBuilder:2935 - Time for Copy CMSIS : 0mS.
