2023-11-09 17:14:07,731 [INFO] Activator:176 - 


2023-11-09 17:14:07,736 [INFO] Activator:177 - !SESSION log4j initialized
2023-11-09 17:14:09,427 [INFO] ApplicationProperties:184 - Using Application install path: /opt/st/stm32cubeide_1.13.2/plugins/com.st.stm32cube.common.mx_6.9.2.202309101412
2023-11-09 17:14:09,443 [INFO] DbMcusXml:78 - Set database path to: /opt/st/stm32cubeide_1.13.2/plugins/com.st.stm32cube.common.mx_6.9.2.202309101412//db//mcu/
2023-11-09 17:14:09,443 [INFO] ApiDb:274 - Set plugin database path to: /opt/st/stm32cubeide_1.13.2/plugins/com.st.stm32cube.common.mx_6.9.2.202309101412//db//plugins/boardmanager/
2023-11-09 17:14:09,444 [WARN] ApiDb:259 - Overriding images path with different value:  => /opt/st/stm32cubeide_1.13.2/plugins/com.st.stm32cube.common.mx_6.9.2.202309101412//db//plugins/mcufinder/images/
2023-11-09 17:14:09,451 [INFO] ApiDb:250 - Set database path to: /home/joel/.stmcufinder/plugins/mcufinder//mcu/
2023-11-09 17:14:09,452 [INFO] DbMcusAds:125 - Set database path to: /home/joel/.stmcufinder/plugins/mcufinder//mcu/
2023-11-09 17:14:27,342 [INFO] CrossReferenceDbSqlite:203 - Set database path to: /home/joel/.stmcufinder/plugins/mcufinder//mcu/cs/
2023-11-09 17:14:27,441 [INFO] RulesReader:64 - Compatibility file has been processed (293 Rules)
2023-11-09 17:14:27,503 [INFO] DbMcusXml:78 - Set database path to: /opt/st/stm32cubeide_1.13.2/plugins/com.st.stm32cube.common.mx_6.9.2.202309101412//db//mcu/
2023-11-09 17:14:27,503 [INFO] ApiDb:274 - Set plugin database path to: /opt/st/stm32cubeide_1.13.2/plugins/com.st.stm32cube.common.mx_6.9.2.202309101412//db//plugins/boardmanager/
2023-11-09 17:14:27,503 [INFO] ApiDb:261 - Set plugin images path to: /opt/st/stm32cubeide_1.13.2/plugins/com.st.stm32cube.common.mx_6.9.2.202309101412//db//plugins/mcufinder/images/
2023-11-09 17:14:27,504 [WARN] DbFile:41 - Overriding database path with different value: /home/joel/.stmcufinder/plugins/mcufinder/ => /home/joel/.stmcufinder/plugins/mcufinder
2023-11-09 17:14:27,504 [INFO] ApiDb:250 - Set database path to: /home/joel/.stmcufinder/plugins/mcufinder//mcu/
2023-11-09 17:14:27,504 [WARN] DbFile:41 - Overriding database path with different value: /home/joel/.stmcufinder/plugins/mcufinder/ => /home/joel/.stmcufinder/plugins/mcufinder
2023-11-09 17:14:27,504 [INFO] DbMcusAds:125 - Set database path to: /home/joel/.stmcufinder/plugins/mcufinder//mcu/
2023-11-09 17:14:27,504 [WARN] DbFile:41 - Overriding database path with different value: /home/joel/.stmcufinder/plugins/mcufinder/ => /home/joel/.stmcufinder/plugins/mcufinder
2023-11-09 17:14:27,504 [WARN] DbFile:41 - Overriding database path with different value: /home/joel/.stmcufinder/plugins/mcufinder/ => /home/joel/.stmcufinder/plugins/mcufinder
2023-11-09 17:14:27,504 [INFO] CrossReferenceDbSqlite:203 - Set database path to: /home/joel/.stmcufinder/plugins/mcufinder//mcu/cs/
2023-11-09 17:14:27,576 [INFO] MainPanel:262 - HeapMemory: 268435456
2023-11-09 17:14:27,653 [INFO] DbMcusXml:78 - Set database path to: /opt/st/stm32cubeide_1.13.2/plugins/com.st.stm32cube.common.mx_6.9.2.202309101412//db//mcu/
2023-11-09 17:14:27,654 [INFO] ApiDb:274 - Set plugin database path to: /opt/st/stm32cubeide_1.13.2/plugins/com.st.stm32cube.common.mx_6.9.2.202309101412//db//plugins/boardmanager/
2023-11-09 17:14:27,654 [INFO] ApiDb:261 - Set plugin images path to: /opt/st/stm32cubeide_1.13.2/plugins/com.st.stm32cube.common.mx_6.9.2.202309101412//db//plugins/mcufinder/images/
2023-11-09 17:14:27,654 [WARN] DbFile:41 - Overriding database path with different value: /home/joel/.stmcufinder/plugins/mcufinder/ => /home/joel/.stmcufinder/plugins/mcufinder
2023-11-09 17:14:27,654 [INFO] ApiDb:250 - Set database path to: /home/joel/.stmcufinder/plugins/mcufinder//mcu/
2023-11-09 17:14:27,654 [WARN] DbFile:41 - Overriding database path with different value: /home/joel/.stmcufinder/plugins/mcufinder/ => /home/joel/.stmcufinder/plugins/mcufinder
2023-11-09 17:14:27,654 [INFO] DbMcusAds:125 - Set database path to: /home/joel/.stmcufinder/plugins/mcufinder//mcu/
2023-11-09 17:14:27,654 [WARN] DbFile:41 - Overriding database path with different value: /home/joel/.stmcufinder/plugins/mcufinder/ => /home/joel/.stmcufinder/plugins/mcufinder
2023-11-09 17:14:27,655 [WARN] DbFile:41 - Overriding database path with different value: /home/joel/.stmcufinder/plugins/mcufinder/ => /home/joel/.stmcufinder/plugins/mcufinder
2023-11-09 17:14:27,655 [INFO] CrossReferenceDbSqlite:203 - Set database path to: /home/joel/.stmcufinder/plugins/mcufinder//mcu/cs/
2023-11-09 17:14:27,667 [INFO] ApplicationProperties:184 - Using Application install path: /opt/st/stm32cubeide_1.13.2/plugins/com.st.stm32cube.common.mx_6.9.2.202309101412
2023-11-09 17:14:27,669 [INFO] PluginManage:196 - Search for loadable plugins [exclusion list=, ]
2023-11-09 17:14:27,670 [INFO] PluginManage:310 - Check plugin analytics
2023-11-09 17:14:27,937 [INFO] AnalyticsPlugin:253 - Accepted Software Licenses: 
2023-11-09 17:14:27,937 [INFO] AnalyticsPlugin:255 - Accepted CMSIS Pack Licenses: STMicroelectronics.X-CUBE-ALGOBUILD.1.3.0
2023-11-09 17:14:27,938 [INFO] AnalyticsPlugin:257 - Accepted Firmware Licenses: FW.L4.1.18.0
2023-11-09 17:14:27,941 [INFO] PluginManage:359 - Loaded plugin analytics (category:tool,tabindex:-1)
2023-11-09 17:14:27,941 [INFO] PluginManage:310 - Check plugin cadmodel
2023-11-09 17:14:28,008 [INFO] CADModel:105 - Init CAD model plugin
2023-11-09 17:14:28,008 [INFO] PluginManage:359 - Loaded plugin cadmodel (category:power,tabindex:5)
2023-11-09 17:14:28,008 [INFO] PluginManage:310 - Check plugin clock
2023-11-09 17:14:28,020 [INFO] PluginManage:359 - Loaded plugin clock (category:base,tabindex:2)
2023-11-09 17:14:28,020 [INFO] PluginManage:310 - Check plugin ddr
2023-11-09 17:14:28,023 [INFO] PluginManage:359 - Loaded plugin ddr (category:tool,tabindex:6)
2023-11-09 17:14:28,024 [INFO] PluginManage:310 - Check plugin filemanager
2023-11-09 17:14:28,169 [INFO] PluginManage:359 - Loaded plugin filemanager (category:base,tabindex:10)
2023-11-09 17:14:28,170 [INFO] PluginManage:310 - Check plugin ipmanager
2023-11-09 17:14:28,176 [INFO] PluginManage:359 - Loaded plugin ipmanager (category:base,tabindex:5)
2023-11-09 17:14:28,176 [INFO] PluginManage:310 - Check plugin lpbam
2023-11-09 17:14:28,185 [INFO] PluginManage:359 - Loaded plugin lpbam (category:base,tabindex:0)
2023-11-09 17:14:28,185 [INFO] PluginManage:310 - Check plugin memorymap
2023-11-09 17:14:28,200 [INFO] PluginManage:359 - Loaded plugin memorymap (category:base,tabindex:4)
2023-11-09 17:14:28,200 [INFO] PluginManage:310 - Check plugin pinoutandconfiguration
2023-11-09 17:14:28,211 [INFO] PluginManage:359 - Loaded plugin pinoutandconfiguration (category:base,tabindex:1)
2023-11-09 17:14:28,212 [INFO] PluginManage:310 - Check plugin pinoutconfig
2023-11-09 17:14:28,346 [WARN] SupportedApi:132 - Cannot load RTOS API schema: s4s-elt-must-match.1: The content of 'definitions' must match (annotation?, (simpleType | complexType)?, (unique | key | keyref)*)). A problem was found starting at: attribute.
2023-11-09 17:14:28,500 [INFO] PluginManage:359 - Loaded plugin pinoutconfig (category:base,tabindex:0)
2023-11-09 17:14:28,500 [INFO] PluginManage:310 - Check plugin power
2023-11-09 17:14:28,514 [INFO] PluginManage:359 - Loaded plugin power (category:power,tabindex:4)
2023-11-09 17:14:28,515 [INFO] PluginManage:310 - Check plugin projectmanager
2023-11-09 17:14:28,537 [INFO] PluginManage:359 - Loaded plugin projectmanager (category:projectmanager,tabindex:3)
2023-11-09 17:14:28,538 [INFO] PluginManage:310 - Check plugin thirdparty
2023-11-09 17:14:28,680 [INFO] PluginManage:359 - Loaded plugin thirdparty (category:base,tabindex:-1)
2023-11-09 17:14:28,679 [WARN] IntegrityCheckThread:84 - waiting for thirdparty lock release [integrity check]
2023-11-09 17:14:28,680 [INFO] PluginManage:310 - Check plugin tools
2023-11-09 17:14:28,680 [INFO] IntegrityCheckThread:86 - entering critical section [integrity check]
2023-11-09 17:14:28,680 [INFO] ThirdPartyUpdaterWithRetryManager:70 - Updater plugin not ready yet. [1/15]
2023-11-09 17:14:28,683 [INFO] PluginManage:359 - Loaded plugin tools (category:base,tabindex:7)
2023-11-09 17:14:28,683 [INFO] PluginManage:310 - Check plugin tutovideos
2023-11-09 17:14:28,832 [INFO] PluginManage:359 - Loaded plugin tutovideos (category:base,tabindex:-1)
2023-11-09 17:14:28,832 [INFO] PluginManage:310 - Check plugin updater
2023-11-09 17:14:28,843 [INFO] PluginManage:359 - Loaded plugin updater (category:base,tabindex:12)
2023-11-09 17:14:28,843 [INFO] PluginManage:310 - Check plugin userauth
2023-11-09 17:14:28,849 [INFO] UserAuth:113 - Init User Auth plugin
2023-11-09 17:14:28,849 [INFO] PluginManage:359 - Loaded plugin userauth (category:base,tabindex:14)
2023-11-09 17:14:28,850 [INFO] PluginManage:283 - PluginManage : Loaded plugins [17]
2023-11-09 17:14:29,016 [INFO] PinOutPanel:1499 - setPackage(No Configuration,No Configuration)
2023-11-09 17:14:29,094 [INFO] CADModel:165 - CPN selected for project level
2023-11-09 17:14:29,094 [INFO] CADModel:114 - Register for checkConnection events
2023-11-09 17:14:29,107 [INFO] IPUIPlugin:80 - create IPUIPlugin
2023-11-09 17:14:29,107 [INFO] PluginManager:220 - loadIPPluginJar : add i2s
2023-11-09 17:14:29,113 [INFO] IPUIPlugin:80 - create IPUIPlugin
2023-11-09 17:14:29,113 [INFO] PluginManager:220 - loadIPPluginJar : add fmc
2023-11-09 17:14:29,114 [INFO] IPUIPlugin:80 - create IPUIPlugin
2023-11-09 17:14:29,114 [INFO] PluginManager:220 - loadIPPluginJar : add quadspi
2023-11-09 17:14:29,116 [INFO] IPUIPlugin:80 - create IPUIPlugin
2023-11-09 17:14:29,116 [INFO] PluginManager:220 - loadIPPluginJar : add tim
2023-11-09 17:14:29,119 [INFO] IPUIPlugin:80 - create IPUIPlugin
2023-11-09 17:14:29,119 [INFO] PluginManager:220 - loadIPPluginJar : add sai
2023-11-09 17:14:29,121 [INFO] IPUIPlugin:80 - create IPUIPlugin
2023-11-09 17:14:29,121 [INFO] PluginManager:220 - loadIPPluginJar : add opamp
2023-11-09 17:14:29,124 [INFO] IPUIPlugin:80 - create IPUIPlugin
2023-11-09 17:14:29,124 [INFO] PluginManager:220 - loadIPPluginJar : add nvic
2023-11-09 17:14:29,126 [INFO] IPUIPlugin:80 - create IPUIPlugin
2023-11-09 17:14:29,126 [INFO] PluginManager:220 - loadIPPluginJar : add aes
2023-11-09 17:14:29,128 [INFO] IPUIPlugin:80 - create IPUIPlugin
2023-11-09 17:14:29,128 [INFO] PluginManager:220 - loadIPPluginJar : add i2c
2023-11-09 17:14:29,130 [INFO] IPUIPlugin:80 - create IPUIPlugin
2023-11-09 17:14:29,131 [INFO] PluginManager:220 - loadIPPluginJar : add gtzc
2023-11-09 17:14:29,136 [INFO] IPUIPlugin:80 - create IPUIPlugin
2023-11-09 17:14:29,136 [INFO] PluginManager:220 - loadIPPluginJar : add mdma
2023-11-09 17:14:29,138 [INFO] IPUIPlugin:80 - create IPUIPlugin
2023-11-09 17:14:29,138 [INFO] PluginManager:220 - loadIPPluginJar : add ucpd
2023-11-09 17:14:29,139 [INFO] IPUIPlugin:80 - create IPUIPlugin
2023-11-09 17:14:29,139 [INFO] PluginManager:220 - loadIPPluginJar : add tsc
2023-11-09 17:14:29,141 [INFO] IPUIPlugin:80 - create IPUIPlugin
2023-11-09 17:14:29,141 [INFO] PluginManager:220 - loadIPPluginJar : add tracer_emb
2023-11-09 17:14:29,142 [INFO] IPUIPlugin:80 - create IPUIPlugin
2023-11-09 17:14:29,142 [INFO] PluginManager:220 - loadIPPluginJar : add ts
2023-11-09 17:14:29,145 [INFO] IPUIPlugin:80 - create IPUIPlugin
2023-11-09 17:14:29,145 [INFO] PluginManager:220 - loadIPPluginJar : add touchsensing
2023-11-09 17:14:29,146 [INFO] IPUIPlugin:80 - create IPUIPlugin
2023-11-09 17:14:29,147 [INFO] PluginManager:220 - loadIPPluginJar : add hash
2023-11-09 17:14:29,148 [INFO] IPUIPlugin:80 - create IPUIPlugin
2023-11-09 17:14:29,149 [INFO] PluginManager:220 - loadIPPluginJar : add dfsdm
2023-11-09 17:14:29,154 [INFO] IPUIPlugin:80 - create IPUIPlugin
2023-11-09 17:14:29,154 [INFO] PluginManager:220 - loadIPPluginJar : add dma
2023-11-09 17:14:29,160 [INFO] IPUIPlugin:80 - create IPUIPlugin
2023-11-09 17:14:29,160 [INFO] PluginManager:220 - loadIPPluginJar : add freertos
2023-11-09 17:14:29,163 [INFO] IPUIPlugin:80 - create IPUIPlugin
2023-11-09 17:14:29,163 [INFO] PluginManager:220 - loadIPPluginJar : add usart
2023-11-09 17:14:29,168 [INFO] IPUIPlugin:80 - create IPUIPlugin
2023-11-09 17:14:29,168 [INFO] PluginManager:220 - loadIPPluginJar : add gpio
2023-11-09 17:14:29,170 [INFO] IPUIPlugin:80 - create IPUIPlugin
2023-11-09 17:14:29,170 [INFO] PluginManager:220 - loadIPPluginJar : add lorawan
2023-11-09 17:14:29,176 [INFO] IPUIPlugin:80 - create IPUIPlugin
2023-11-09 17:14:29,179 [INFO] PluginManager:220 - loadIPPluginJar : add plateformsettings
2023-11-09 17:14:29,180 [INFO] IPUIPlugin:80 - create IPUIPlugin
2023-11-09 17:14:29,180 [INFO] PluginManager:220 - loadIPPluginJar : add genericplugin
2023-11-09 17:14:29,182 [INFO] IPUIPlugin:80 - create IPUIPlugin
2023-11-09 17:14:29,182 [INFO] PluginManager:220 - loadIPPluginJar : add i3c
2023-11-09 17:14:29,188 [INFO] IPUIPlugin:80 - create IPUIPlugin
2023-11-09 17:14:29,188 [INFO] PluginManager:220 - loadIPPluginJar : add adc
2023-11-09 17:14:29,189 [INFO] IPUIPlugin:80 - create IPUIPlugin
2023-11-09 17:14:29,190 [INFO] PluginManager:220 - loadIPPluginJar : add fatfs
2023-11-09 17:14:29,194 [INFO] IPUIPlugin:80 - create IPUIPlugin
2023-11-09 17:14:29,194 [INFO] PluginManager:220 - loadIPPluginJar : add gic
2023-11-09 17:14:29,197 [INFO] IPUIPlugin:80 - create IPUIPlugin
2023-11-09 17:14:29,198 [INFO] PluginManager:220 - loadIPPluginJar : add resmgrutility
2023-11-09 17:14:29,199 [INFO] IPUIPlugin:80 - create IPUIPlugin
2023-11-09 17:14:29,199 [INFO] PluginManager:220 - loadIPPluginJar : add ltdc
2023-11-09 17:14:29,201 [INFO] IPUIPlugin:80 - create IPUIPlugin
2023-11-09 17:14:29,201 [INFO] PluginManager:220 - loadIPPluginJar : add spi
2023-11-09 17:14:29,203 [INFO] IPUIPlugin:80 - create IPUIPlugin
2023-11-09 17:14:29,203 [INFO] PluginManager:220 - loadIPPluginJar : add pdm2pcm
2023-11-09 17:14:29,208 [INFO] IPUIPlugin:80 - create IPUIPlugin
2023-11-09 17:14:29,208 [INFO] PluginManager:220 - loadIPPluginJar : add stm32_wpan
2023-11-09 17:14:29,228 [INFO] IPUIPlugin:80 - create IPUIPlugin
2023-11-09 17:14:29,229 [INFO] PluginManager:220 - loadIPPluginJar : add linkedlist
2023-11-09 17:14:29,232 [INFO] IPUIPlugin:80 - create IPUIPlugin
2023-11-09 17:14:29,232 [INFO] PluginManager:220 - loadIPPluginJar : add usbx
2023-11-09 17:14:29,235 [INFO] IPUIPlugin:80 - create IPUIPlugin
2023-11-09 17:14:29,236 [INFO] PluginManager:220 - loadIPPluginJar : add ipddr
2023-11-09 17:14:29,238 [INFO] IPUIPlugin:80 - create IPUIPlugin
2023-11-09 17:14:29,238 [INFO] PluginManager:220 - loadIPPluginJar : add cryp
2023-11-09 17:14:29,240 [INFO] IPUIPlugin:80 - create IPUIPlugin
2023-11-09 17:14:29,240 [INFO] PluginManager:220 - loadIPPluginJar : add gfxmmu
2023-11-09 17:14:29,241 [INFO] IPUIPlugin:80 - create IPUIPlugin
2023-11-09 17:14:29,242 [INFO] PluginManager:220 - loadIPPluginJar : add comp
2023-11-09 17:14:29,244 [INFO] IPUIPlugin:80 - create IPUIPlugin
2023-11-09 17:14:29,244 [INFO] PluginManager:220 - loadIPPluginJar : add openamp
2023-11-09 17:14:29,246 [INFO] IPUIPlugin:80 - create IPUIPlugin
2023-11-09 17:14:29,246 [INFO] PluginManager:220 - loadIPPluginJar : add can
2023-11-09 17:14:29,248 [INFO] IPUIPlugin:80 - create IPUIPlugin
2023-11-09 17:14:29,249 [INFO] PluginManager:220 - loadIPPluginJar : add dma3
2023-11-09 17:14:29,362 [INFO] CADModel:165 - CPN selected for project level
2023-11-09 17:14:29,363 [INFO] CADModel:114 - Register for checkConnection events
2023-11-09 17:14:29,363 [FATAL] Updater:308 - Updater called before beeing initialized
2023-11-09 17:14:29,363 [ERROR] CADModel:125 - Updater not yet initialized, retry later 
2023-11-09 17:14:29,528 [INFO] CADModel:165 - CPN selected for project level
2023-11-09 17:14:29,528 [INFO] CADModel:114 - Register for checkConnection events
2023-11-09 17:14:29,528 [FATAL] Updater:308 - Updater called before beeing initialized
2023-11-09 17:14:29,528 [ERROR] CADModel:125 - Updater not yet initialized, retry later 
2023-11-09 17:14:29,533 [FATAL] Updater:308 - Updater called before beeing initialized
2023-11-09 17:14:29,606 [FATAL] Updater:308 - Updater called before beeing initialized
2023-11-09 17:14:29,611 [INFO] DbMcusAds:53 - JSON generation date=Tue Mar 07 08:50:55 GMT 2023 (1678179055114)
2023-11-09 17:14:29,611 [FATAL] Updater:308 - Updater called before beeing initialized
2023-11-09 17:14:29,652 [WARN] DetailPanel:346 - Failed to get advertising image, set to default
2023-11-09 17:14:29,733 [FATAL] Updater:308 - Updater called before beeing initialized
2023-11-09 17:14:29,735 [FATAL] Updater:308 - Updater called before beeing initialized
2023-11-09 17:14:29,735 [FATAL] Updater:308 - Updater called before beeing initialized
2023-11-09 17:14:29,735 [WARN] DetailPanel:346 - Failed to get advertising image, set to default
2023-11-09 17:14:29,736 [FATAL] Updater:308 - Updater called before beeing initialized
2023-11-09 17:14:29,768 [ERROR] Updater:1120 - MainUpdater not yet initialized. External WinMGr cannot be set.
2023-11-09 17:14:29,770 [INFO] Updater:1056 - Updater Version found : 6.9.2
2023-11-09 17:14:29,790 [INFO] ApplicationProperties:184 - Using Application install path: /opt/st/stm32cubeide_1.13.2/plugins/com.st.stm32cube.common.mx_6.9.2.202309101412
2023-11-09 17:14:29,990 [INFO] MainUpdater:2868 - connection check result : 10
2023-11-09 17:14:29,991 [INFO] MainUpdater:3562 - Updater definition file requires update
2023-11-09 17:14:29,991 [INFO] MainUpdater:285 - Updater Check For Update Now.
2023-11-09 17:14:29,991 [INFO] MicroXplorer:498 - Change Database Version : DB.6.0.92
2023-11-09 17:14:30,032 [INFO] ServerAccessManage:473 - Download File updaters.zip
2023-11-09 17:14:30,126 [INFO] FileExtend:240 - Unzip File : updaters.zip
2023-11-09 17:14:30,126 [INFO] FileExtend:255 - Standard Zip Deflate
2023-11-09 17:14:30,264 [INFO] ServerAccessManage:473 - Download File PacksControlFlags.xml
2023-11-09 17:14:30,352 [INFO] ServerAccessManage:473 - Download File cubemx.pidx
2023-11-09 17:14:30,611 [INFO] ServerAccessManage:473 - Download File STMicroelectronics.FP-SNS-MOTENVWB1.pdsc
2023-11-09 17:14:31,681 [WARN] MainUpdater:1189 - Updater busy. Cannot search thirdparties
2023-11-09 17:14:31,682 [INFO] ThirdPartyUpdaterWithRetryManager:96 - Updater plugin is busy. [1/15]
2023-11-09 17:14:31,915 [ERROR] ServerAccessManage:1096 - Problem, Http access forbiden
2023-11-09 17:14:31,916 [ERROR] ServerAccessManage:651 - Problem, Http access forbiden : RoweBots.I-CUBE-UNISONRTOS.pdsc.
2023-11-09 17:14:32,084 [WARN] PackLoader:240 - Cannot read IP mode file for STMicroelectronics.FP-SNS-MOTENVWB1.1.3.0
2023-11-09 17:14:32,088 [INFO] PopulateThirdPartyThread:66 - Ending populate Thread
2023-11-09 17:14:32,090 [INFO] ThirdParty:1030 - CMSIS Pack Vendor :STMicroelectronics FP-SNS-MOTENVWB1 1.3.0
2023-11-09 17:14:32,091 [INFO] LoadServerUpdatesThread:373 - End of LoadServerUpdate Thread
2023-11-09 17:14:32,197 [INFO] CheckServerUpdateThread:120 - End of CheckServer Thread
2023-11-09 17:14:32,207 [INFO] MainUpdater:2868 - connection check result : 10
2023-11-09 17:14:32,209 [INFO] MainUpdater:2868 - connection check result : 10
2023-11-09 17:14:34,793 [WARN] PackLoader:240 - Cannot read IP mode file for STMicroelectronics.X-CUBE-SMBUS.2.1.0
2023-11-09 17:14:34,815 [WARN] PackLoader:240 - Cannot read IP mode file for STMicroelectronics.X-CUBE-AZRTOS-F7.1.1.0
2023-11-09 17:14:34,824 [WARN] PackLoader:240 - Cannot read IP mode file for STMicroelectronics.FP-SNS-MOTENV1.4.3.2
2023-11-09 17:14:34,830 [WARN] PackLoader:240 - Cannot read IP mode file for STMicroelectronics.FP-SNS-FLIGHT1.5.0.2
2023-11-09 17:14:34,839 [WARN] PackLoader:240 - Cannot read IP mode file for STMicroelectronics.X-CUBE-DISPLAY.3.0.0
2023-11-09 17:14:34,851 [WARN] PackLoader:240 - Cannot read IP mode file for STMicroelectronics.X-CUBE-BLE1.7.0.0
2023-11-09 17:14:34,856 [WARN] PackLoader:240 - Cannot read IP mode file for emotas.I-CUBE-CANOPEN.1.3.0
2023-11-09 17:14:34,859 [WARN] PackLoader:240 - Cannot read IP mode file for STMicroelectronics.X-CUBE-TOUCHGFX.4.22.1
2023-11-09 17:14:34,863 [WARN] PackLoader:240 - Cannot read IP mode file for STMicroelectronics.FP-SNS-SMARTAG2.1.2.0
2023-11-09 17:14:34,871 [INFO] LogOutputStream:77 - [STDOUT_REDIRECT] 1 : Invalid condition id : UX_CORESTACK_Condition cause : null
2023-11-09 17:14:34,872 [INFO] LogOutputStream:77 - [STDOUT_REDIRECT] 1 : Invalid condition id : UX_CORESTACK_Condition cause : null
2023-11-09 17:14:34,872 [INFO] LogOutputStream:77 - [STDOUT_REDIRECT] 1 : Invalid condition id : UX_CORESTACK_Condition cause : null
2023-11-09 17:14:34,873 [INFO] LogOutputStream:77 - [STDOUT_REDIRECT] 1 : Invalid condition id : UX_CORESTACK_Condition cause : null
2023-11-09 17:14:34,873 [INFO] LogOutputStream:77 - [STDOUT_REDIRECT] 1 : Invalid condition id : UX_CORESTACK_Condition cause : null
2023-11-09 17:14:34,878 [WARN] PackLoader:240 - Cannot read IP mode file for STMicroelectronics.X-CUBE-AZRTOS-WL.2.0.0
2023-11-09 17:14:34,887 [WARN] PackLoader:240 - Cannot read IP mode file for WES.I-CUBE-Cesium.1.3.0
2023-11-09 17:14:34,891 [WARN] PackLoader:240 - Cannot read IP mode file for STMicroelectronics.X-CUBE-BLE2.3.3.0
2023-11-09 17:14:34,899 [WARN] PackLoader:240 - Cannot read IP mode file for STMicroelectronics.X-CUBE-ALGOBUILD.1.3.0
2023-11-09 17:14:34,946 [WARN] PackLoader:240 - Cannot read IP mode file for STMicroelectronics.X-CUBE-AZRTOS-G0.1.1.0
2023-11-09 17:14:34,953 [WARN] PackLoader:240 - Cannot read IP mode file for STMicroelectronics.X-CUBE-NFC4.3.0.0
2023-11-09 17:14:34,960 [WARN] PackLoader:240 - Cannot read IP mode file for STMicroelectronics.X-CUBE-BLEMGR.3.0.0
2023-11-09 17:14:34,965 [WARN] PackLoader:240 - Cannot read IP mode file for STMicroelectronics.FP-ATR-SIGFOX1.3.2.0
2023-11-09 17:14:34,994 [WARN] PackLoader:240 - Cannot read IP mode file for SEGGER.I-CUBE-embOS.1.3.1
2023-11-09 17:14:35,028 [WARN] PackLoader:240 - Cannot read IP mode file for STMicroelectronics.X-CUBE-GNSS1.6.0.0
2023-11-09 17:14:35,043 [WARN] PackLoader:240 - Cannot read IP mode file for STMicroelectronics.X-CUBE-AZRTOS-F4.1.1.0
2023-11-09 17:14:35,048 [WARN] PackLoader:240 - Cannot read IP mode file for wolfSSL.I-CUBE-wolfSSL.5.6.3
2023-11-09 17:14:35,062 [WARN] PackLoader:240 - Cannot read IP mode file for STMicroelectronics.X-CUBE-AZRTOS-L5.2.0.0
2023-11-09 17:14:35,100 [WARN] PackLoader:240 - Cannot read IP mode file for STMicroelectronics.X-CUBE-MEMS1.9.6.0
2023-11-09 17:14:35,243 [WARN] PackLoader:240 - Cannot read IP mode file for STMicroelectronics.X-CUBE-EEPRMA1.4.2.0
2023-11-09 17:14:35,248 [WARN] PackLoader:240 - Cannot read IP mode file for ITTIA_DB.I-CUBE-ITTIADB.8.8.0
2023-11-09 17:14:35,256 [WARN] PackLoader:240 - Cannot read IP mode file for STMicroelectronics.X-CUBE-BLEMGR.2.0.0
2023-11-09 17:14:35,272 [WARN] ConditionMgr:438 - getConditionDescription Invalid condition id : UX DEVICE CLASS RTOS Condition cause : null
2023-11-09 17:14:35,272 [WARN] ConditionMgr:438 - getConditionDescription Invalid condition id : UX DEVICE CLASS RTOS Condition cause : null
2023-11-09 17:14:35,275 [WARN] PackLoader:240 - Cannot read IP mode file for STMicroelectronics.X-CUBE-AZRTOS-H7.3.1.0
2023-11-09 17:14:35,276 [WARN] ConditionMgr:1039 - genDependencies : Invalid condition id : UX DEVICE CLASS RTOS Condition cause : null
2023-11-09 17:14:35,276 [WARN] ConditionMgr:1039 - genDependencies : Invalid condition id : UX DEVICE CLASS RTOS Condition cause : null
2023-11-09 17:14:35,276 [WARN] ConditionMgr:1039 - genDependencies : Invalid condition id : UX DEVICE CLASS RTOS Condition cause : null
2023-11-09 17:14:35,277 [WARN] ConditionMgr:1039 - genDependencies : Invalid condition id : UX DEVICE CLASS RTOS Condition cause : null
2023-11-09 17:14:35,277 [WARN] ConditionMgr:1039 - genDependencies : Invalid condition id : UX DEVICE CLASS RTOS Condition cause : null
2023-11-09 17:14:35,286 [WARN] PackLoader:240 - Cannot read IP mode file for STMicroelectronics.X-CUBE-NFC7.1.0.1
2023-11-09 17:14:35,294 [WARN] PackLoader:240 - Cannot read IP mode file for STMicroelectronics.X-CUBE-NFC6.3.0.0
2023-11-09 17:14:35,299 [WARN] PackLoader:240 - Cannot read IP mode file for STMicroelectronics.X-CUBE-EEPRMA1.4.1.0
2023-11-09 17:14:35,303 [WARN] PackLoader:240 - Cannot read IP mode file for STMicroelectronics.X-CUBE-AI.8.1.0
2023-11-09 17:14:35,314 [WARN] ConditionMgr:438 - getConditionDescription Invalid condition id : LAN8742 Phy interface Condition cause : null
2023-11-09 17:14:35,315 [WARN] PackLoader:240 - Cannot read IP mode file for STMicroelectronics.X-CUBE-AZRTOS-L4.2.0.0
2023-11-09 17:14:35,316 [WARN] ConditionMgr:1039 - genDependencies : Invalid condition id : LAN8742 Phy interface Condition cause : null
2023-11-09 17:14:35,316 [WARN] ConditionMgr:1039 - genDependencies : Invalid condition id : LAN8742 Phy interface Condition cause : null
2023-11-09 17:14:35,317 [WARN] ConditionMgr:1039 - genDependencies : Invalid condition id : LAN8742 Phy interface Condition cause : null
2023-11-09 17:14:35,321 [WARN] PackLoader:240 - Cannot read IP mode file for STMicroelectronics.X-CUBE-SFXS2LP1.4.0.0
2023-11-09 17:14:35,325 [WARN] PackLoader:240 - Cannot read IP mode file for STMicroelectronics.X-CUBE-ISPU.1.1.0
2023-11-09 17:14:35,334 [WARN] ConditionMgr:438 - getConditionDescription Invalid condition id : UX DEVICE CLASS RTOS Condition cause : null
2023-11-09 17:14:35,334 [WARN] ConditionMgr:438 - getConditionDescription Invalid condition id : UX DEVICE CLASS RTOS Condition cause : null
2023-11-09 17:14:35,336 [WARN] PackLoader:240 - Cannot read IP mode file for STMicroelectronics.X-CUBE-AZRTOS-WB.2.0.0
2023-11-09 17:14:35,336 [WARN] ConditionMgr:1039 - genDependencies : Invalid condition id : UX DEVICE CLASS RTOS Condition cause : null
2023-11-09 17:14:35,336 [WARN] ConditionMgr:1039 - genDependencies : Invalid condition id : UX DEVICE CLASS RTOS Condition cause : null
2023-11-09 17:14:35,337 [WARN] ConditionMgr:1039 - genDependencies : Invalid condition id : UX DEVICE CLASS RTOS Condition cause : null
2023-11-09 17:14:35,337 [WARN] ConditionMgr:1039 - genDependencies : Invalid condition id : UX DEVICE CLASS RTOS Condition cause : null
2023-11-09 17:14:35,337 [WARN] ConditionMgr:1039 - genDependencies : Invalid condition id : UX DEVICE CLASS RTOS Condition cause : null
2023-11-09 17:14:35,344 [WARN] PackLoader:240 - Cannot read IP mode file for STMicroelectronics.X-CUBE-SUBG2.5.0.0
2023-11-09 17:14:35,354 [WARN] PackLoader:240 - Cannot read IP mode file for STMicroelectronics.X-CUBE-TOF1.3.3.1
2023-11-09 17:14:35,368 [WARN] PackLoader:240 - Cannot read IP mode file for STMicroelectronics.X-CUBE-AZRTOS-G4.2.0.0
2023-11-09 17:14:35,376 [WARN] PackLoader:240 - Cannot read IP mode file for Infineon.AIROC-Wi-Fi-Bluetooth-STM32.1.5.1
2023-11-09 17:14:35,380 [WARN] PackLoader:240 - Cannot read IP mode file for STMicroelectronics.FP-SNS-MOTENVWB1.1.3.0
2023-11-09 17:14:35,413 [WARN] PackLoader:240 - Cannot read IP mode file for STMicroelectronics.X-CUBE-MEMS1.10.0.0
2023-11-09 17:14:35,487 [WARN] PackLoader:240 - Cannot read IP mode file for STMicroelectronics.X-CUBE-FREERTOS.1.1.0
2023-11-09 17:14:35,490 [WARN] PackLoader:240 - Cannot read IP mode file for portGmbH.I-Cube-SoM-uGOAL.1.1.0
2023-11-09 17:14:35,493 [WARN] PackLoader:240 - Cannot read IP mode file for STMicroelectronics.X-CUBE-ALS.1.0.1
2023-11-09 17:14:35,496 [WARN] PackLoader:240 - Cannot read IP mode file for STMicroelectronics.FP-ATR-ASTRA1.2.0.0
2023-11-09 17:14:35,496 [INFO] ThirdParty:978 - Integrity check success = true
2023-11-09 17:14:35,496 [INFO] IntegrityCheckThread:100 - exiting critical section [integrity check]
2023-11-09 17:14:35,497 [INFO] IntegrityCheckThread:103 - End integrity checks thread
2023-11-09 17:18:48,986 [INFO] Activator:176 - 


2023-11-09 17:18:48,988 [INFO] Activator:177 - !SESSION log4j initialized
2023-11-09 17:18:50,639 [INFO] ApplicationProperties:184 - Using Application install path: /opt/st/stm32cubeide_1.13.2/plugins/com.st.stm32cube.common.mx_6.9.2.202309101412
2023-11-09 17:18:50,656 [INFO] DbMcusXml:78 - Set database path to: /opt/st/stm32cubeide_1.13.2/plugins/com.st.stm32cube.common.mx_6.9.2.202309101412//db//mcu/
2023-11-09 17:18:50,657 [INFO] ApiDb:274 - Set plugin database path to: /opt/st/stm32cubeide_1.13.2/plugins/com.st.stm32cube.common.mx_6.9.2.202309101412//db//plugins/boardmanager/
2023-11-09 17:18:50,657 [WARN] ApiDb:259 - Overriding images path with different value:  => /opt/st/stm32cubeide_1.13.2/plugins/com.st.stm32cube.common.mx_6.9.2.202309101412//db//plugins/mcufinder/images/
2023-11-09 17:18:50,666 [INFO] ApiDb:250 - Set database path to: /home/joel/.stmcufinder/plugins/mcufinder//mcu/
2023-11-09 17:18:50,667 [INFO] DbMcusAds:125 - Set database path to: /home/joel/.stmcufinder/plugins/mcufinder//mcu/
2023-11-09 17:19:06,839 [INFO] CrossReferenceDbSqlite:203 - Set database path to: /home/joel/.stmcufinder/plugins/mcufinder//mcu/cs/
2023-11-09 17:19:06,974 [INFO] RulesReader:64 - Compatibility file has been processed (293 Rules)
2023-11-09 17:19:07,032 [INFO] DbMcusXml:78 - Set database path to: /opt/st/stm32cubeide_1.13.2/plugins/com.st.stm32cube.common.mx_6.9.2.202309101412//db//mcu/
2023-11-09 17:19:07,032 [INFO] ApiDb:274 - Set plugin database path to: /opt/st/stm32cubeide_1.13.2/plugins/com.st.stm32cube.common.mx_6.9.2.202309101412//db//plugins/boardmanager/
2023-11-09 17:19:07,032 [INFO] ApiDb:261 - Set plugin images path to: /opt/st/stm32cubeide_1.13.2/plugins/com.st.stm32cube.common.mx_6.9.2.202309101412//db//plugins/mcufinder/images/
2023-11-09 17:19:07,032 [WARN] DbFile:41 - Overriding database path with different value: /home/joel/.stmcufinder/plugins/mcufinder/ => /home/joel/.stmcufinder/plugins/mcufinder
2023-11-09 17:19:07,032 [INFO] ApiDb:250 - Set database path to: /home/joel/.stmcufinder/plugins/mcufinder//mcu/
2023-11-09 17:19:07,032 [WARN] DbFile:41 - Overriding database path with different value: /home/joel/.stmcufinder/plugins/mcufinder/ => /home/joel/.stmcufinder/plugins/mcufinder
2023-11-09 17:19:07,033 [INFO] DbMcusAds:125 - Set database path to: /home/joel/.stmcufinder/plugins/mcufinder//mcu/
2023-11-09 17:19:07,033 [WARN] DbFile:41 - Overriding database path with different value: /home/joel/.stmcufinder/plugins/mcufinder/ => /home/joel/.stmcufinder/plugins/mcufinder
2023-11-09 17:19:07,033 [WARN] DbFile:41 - Overriding database path with different value: /home/joel/.stmcufinder/plugins/mcufinder/ => /home/joel/.stmcufinder/plugins/mcufinder
2023-11-09 17:19:07,033 [INFO] CrossReferenceDbSqlite:203 - Set database path to: /home/joel/.stmcufinder/plugins/mcufinder//mcu/cs/
2023-11-09 17:19:07,092 [INFO] MainPanel:262 - HeapMemory: 268435456
2023-11-09 17:19:07,170 [INFO] DbMcusXml:78 - Set database path to: /opt/st/stm32cubeide_1.13.2/plugins/com.st.stm32cube.common.mx_6.9.2.202309101412//db//mcu/
2023-11-09 17:19:07,170 [INFO] ApiDb:274 - Set plugin database path to: /opt/st/stm32cubeide_1.13.2/plugins/com.st.stm32cube.common.mx_6.9.2.202309101412//db//plugins/boardmanager/
2023-11-09 17:19:07,170 [INFO] ApiDb:261 - Set plugin images path to: /opt/st/stm32cubeide_1.13.2/plugins/com.st.stm32cube.common.mx_6.9.2.202309101412//db//plugins/mcufinder/images/
2023-11-09 17:19:07,171 [WARN] DbFile:41 - Overriding database path with different value: /home/joel/.stmcufinder/plugins/mcufinder/ => /home/joel/.stmcufinder/plugins/mcufinder
2023-11-09 17:19:07,171 [INFO] ApiDb:250 - Set database path to: /home/joel/.stmcufinder/plugins/mcufinder//mcu/
2023-11-09 17:19:07,171 [WARN] DbFile:41 - Overriding database path with different value: /home/joel/.stmcufinder/plugins/mcufinder/ => /home/joel/.stmcufinder/plugins/mcufinder
2023-11-09 17:19:07,171 [INFO] DbMcusAds:125 - Set database path to: /home/joel/.stmcufinder/plugins/mcufinder//mcu/
2023-11-09 17:19:07,171 [WARN] DbFile:41 - Overriding database path with different value: /home/joel/.stmcufinder/plugins/mcufinder/ => /home/joel/.stmcufinder/plugins/mcufinder
2023-11-09 17:19:07,171 [WARN] DbFile:41 - Overriding database path with different value: /home/joel/.stmcufinder/plugins/mcufinder/ => /home/joel/.stmcufinder/plugins/mcufinder
2023-11-09 17:19:07,171 [INFO] CrossReferenceDbSqlite:203 - Set database path to: /home/joel/.stmcufinder/plugins/mcufinder//mcu/cs/
2023-11-09 17:19:07,186 [INFO] ApplicationProperties:184 - Using Application install path: /opt/st/stm32cubeide_1.13.2/plugins/com.st.stm32cube.common.mx_6.9.2.202309101412
2023-11-09 17:19:07,187 [INFO] PluginManage:196 - Search for loadable plugins [exclusion list=, ]
2023-11-09 17:19:07,188 [INFO] PluginManage:310 - Check plugin analytics
2023-11-09 17:19:07,438 [INFO] AnalyticsPlugin:253 - Accepted Software Licenses: 
2023-11-09 17:19:07,439 [INFO] AnalyticsPlugin:255 - Accepted CMSIS Pack Licenses: STMicroelectronics.X-CUBE-ALGOBUILD.1.3.0
2023-11-09 17:19:07,439 [INFO] AnalyticsPlugin:257 - Accepted Firmware Licenses: FW.L4.1.18.0
2023-11-09 17:19:07,442 [INFO] PluginManage:359 - Loaded plugin analytics (category:tool,tabindex:-1)
2023-11-09 17:19:07,442 [INFO] PluginManage:310 - Check plugin cadmodel
2023-11-09 17:19:07,476 [INFO] CADModel:105 - Init CAD model plugin
2023-11-09 17:19:07,477 [INFO] PluginManage:359 - Loaded plugin cadmodel (category:power,tabindex:5)
2023-11-09 17:19:07,477 [INFO] PluginManage:310 - Check plugin clock
2023-11-09 17:19:07,488 [INFO] PluginManage:359 - Loaded plugin clock (category:base,tabindex:2)
2023-11-09 17:19:07,488 [INFO] PluginManage:310 - Check plugin ddr
2023-11-09 17:19:07,490 [INFO] PluginManage:359 - Loaded plugin ddr (category:tool,tabindex:6)
2023-11-09 17:19:07,490 [INFO] PluginManage:310 - Check plugin filemanager
2023-11-09 17:19:07,646 [INFO] PluginManage:359 - Loaded plugin filemanager (category:base,tabindex:10)
2023-11-09 17:19:07,646 [INFO] PluginManage:310 - Check plugin ipmanager
2023-11-09 17:19:07,653 [INFO] PluginManage:359 - Loaded plugin ipmanager (category:base,tabindex:5)
2023-11-09 17:19:07,653 [INFO] PluginManage:310 - Check plugin lpbam
2023-11-09 17:19:07,664 [INFO] PluginManage:359 - Loaded plugin lpbam (category:base,tabindex:0)
2023-11-09 17:19:07,664 [INFO] PluginManage:310 - Check plugin memorymap
2023-11-09 17:19:07,675 [INFO] PluginManage:359 - Loaded plugin memorymap (category:base,tabindex:4)
2023-11-09 17:19:07,675 [INFO] PluginManage:310 - Check plugin pinoutandconfiguration
2023-11-09 17:19:07,685 [INFO] PluginManage:359 - Loaded plugin pinoutandconfiguration (category:base,tabindex:1)
2023-11-09 17:19:07,686 [INFO] PluginManage:310 - Check plugin pinoutconfig
2023-11-09 17:19:07,813 [WARN] SupportedApi:132 - Cannot load RTOS API schema: s4s-elt-must-match.1: The content of 'definitions' must match (annotation?, (simpleType | complexType)?, (unique | key | keyref)*)). A problem was found starting at: attribute.
2023-11-09 17:19:07,942 [INFO] PluginManage:359 - Loaded plugin pinoutconfig (category:base,tabindex:0)
2023-11-09 17:19:07,943 [INFO] PluginManage:310 - Check plugin power
2023-11-09 17:19:07,954 [INFO] PluginManage:359 - Loaded plugin power (category:power,tabindex:4)
2023-11-09 17:19:07,955 [INFO] PluginManage:310 - Check plugin projectmanager
2023-11-09 17:19:07,968 [INFO] PluginManage:359 - Loaded plugin projectmanager (category:projectmanager,tabindex:3)
2023-11-09 17:19:07,969 [INFO] PluginManage:310 - Check plugin thirdparty
2023-11-09 17:19:08,083 [INFO] PluginManage:359 - Loaded plugin thirdparty (category:base,tabindex:-1)
2023-11-09 17:19:08,083 [WARN] IntegrityCheckThread:84 - waiting for thirdparty lock release [integrity check]
2023-11-09 17:19:08,083 [INFO] PluginManage:310 - Check plugin tools
2023-11-09 17:19:08,083 [INFO] IntegrityCheckThread:86 - entering critical section [integrity check]
2023-11-09 17:19:08,084 [INFO] ThirdPartyUpdaterWithRetryManager:70 - Updater plugin not ready yet. [1/15]
2023-11-09 17:19:08,086 [INFO] PluginManage:359 - Loaded plugin tools (category:base,tabindex:7)
2023-11-09 17:19:08,086 [INFO] PluginManage:310 - Check plugin tutovideos
2023-11-09 17:19:08,233 [INFO] PluginManage:359 - Loaded plugin tutovideos (category:base,tabindex:-1)
2023-11-09 17:19:08,233 [INFO] PluginManage:310 - Check plugin updater
2023-11-09 17:19:08,244 [INFO] PluginManage:359 - Loaded plugin updater (category:base,tabindex:12)
2023-11-09 17:19:08,244 [INFO] PluginManage:310 - Check plugin userauth
2023-11-09 17:19:08,250 [INFO] UserAuth:113 - Init User Auth plugin
2023-11-09 17:19:08,250 [INFO] PluginManage:359 - Loaded plugin userauth (category:base,tabindex:14)
2023-11-09 17:19:08,250 [INFO] PluginManage:283 - PluginManage : Loaded plugins [17]
2023-11-09 17:19:08,415 [INFO] PinOutPanel:1499 - setPackage(No Configuration,No Configuration)
2023-11-09 17:19:08,494 [INFO] CADModel:165 - CPN selected for project level
2023-11-09 17:19:08,495 [INFO] CADModel:114 - Register for checkConnection events
2023-11-09 17:19:08,508 [INFO] IPUIPlugin:80 - create IPUIPlugin
2023-11-09 17:19:08,509 [INFO] PluginManager:220 - loadIPPluginJar : add i2s
2023-11-09 17:19:08,515 [INFO] IPUIPlugin:80 - create IPUIPlugin
2023-11-09 17:19:08,515 [INFO] PluginManager:220 - loadIPPluginJar : add fmc
2023-11-09 17:19:08,516 [INFO] IPUIPlugin:80 - create IPUIPlugin
2023-11-09 17:19:08,517 [INFO] PluginManager:220 - loadIPPluginJar : add quadspi
2023-11-09 17:19:08,518 [INFO] IPUIPlugin:80 - create IPUIPlugin
2023-11-09 17:19:08,518 [INFO] PluginManager:220 - loadIPPluginJar : add tim
2023-11-09 17:19:08,520 [INFO] IPUIPlugin:80 - create IPUIPlugin
2023-11-09 17:19:08,520 [INFO] PluginManager:220 - loadIPPluginJar : add sai
2023-11-09 17:19:08,523 [INFO] IPUIPlugin:80 - create IPUIPlugin
2023-11-09 17:19:08,523 [INFO] PluginManager:220 - loadIPPluginJar : add opamp
2023-11-09 17:19:08,526 [INFO] IPUIPlugin:80 - create IPUIPlugin
2023-11-09 17:19:08,527 [INFO] PluginManager:220 - loadIPPluginJar : add nvic
2023-11-09 17:19:08,528 [INFO] IPUIPlugin:80 - create IPUIPlugin
2023-11-09 17:19:08,529 [INFO] PluginManager:220 - loadIPPluginJar : add aes
2023-11-09 17:19:08,530 [INFO] IPUIPlugin:80 - create IPUIPlugin
2023-11-09 17:19:08,530 [INFO] PluginManager:220 - loadIPPluginJar : add i2c
2023-11-09 17:19:08,533 [INFO] IPUIPlugin:80 - create IPUIPlugin
2023-11-09 17:19:08,533 [INFO] PluginManager:220 - loadIPPluginJar : add gtzc
2023-11-09 17:19:08,538 [INFO] IPUIPlugin:80 - create IPUIPlugin
2023-11-09 17:19:08,538 [INFO] PluginManager:220 - loadIPPluginJar : add mdma
2023-11-09 17:19:08,539 [INFO] IPUIPlugin:80 - create IPUIPlugin
2023-11-09 17:19:08,540 [INFO] PluginManager:220 - loadIPPluginJar : add ucpd
2023-11-09 17:19:08,541 [INFO] IPUIPlugin:80 - create IPUIPlugin
2023-11-09 17:19:08,541 [INFO] PluginManager:220 - loadIPPluginJar : add tsc
2023-11-09 17:19:08,542 [INFO] IPUIPlugin:80 - create IPUIPlugin
2023-11-09 17:19:08,542 [INFO] PluginManager:220 - loadIPPluginJar : add tracer_emb
2023-11-09 17:19:08,543 [INFO] IPUIPlugin:80 - create IPUIPlugin
2023-11-09 17:19:08,544 [INFO] PluginManager:220 - loadIPPluginJar : add ts
2023-11-09 17:19:08,546 [INFO] IPUIPlugin:80 - create IPUIPlugin
2023-11-09 17:19:08,546 [INFO] PluginManager:220 - loadIPPluginJar : add touchsensing
2023-11-09 17:19:08,547 [INFO] IPUIPlugin:80 - create IPUIPlugin
2023-11-09 17:19:08,547 [INFO] PluginManager:220 - loadIPPluginJar : add hash
2023-11-09 17:19:08,549 [INFO] IPUIPlugin:80 - create IPUIPlugin
2023-11-09 17:19:08,549 [INFO] PluginManager:220 - loadIPPluginJar : add dfsdm
2023-11-09 17:19:08,554 [INFO] IPUIPlugin:80 - create IPUIPlugin
2023-11-09 17:19:08,555 [INFO] PluginManager:220 - loadIPPluginJar : add dma
2023-11-09 17:19:08,561 [INFO] IPUIPlugin:80 - create IPUIPlugin
2023-11-09 17:19:08,561 [INFO] PluginManager:220 - loadIPPluginJar : add freertos
2023-11-09 17:19:08,563 [INFO] IPUIPlugin:80 - create IPUIPlugin
2023-11-09 17:19:08,563 [INFO] PluginManager:220 - loadIPPluginJar : add usart
2023-11-09 17:19:08,567 [INFO] IPUIPlugin:80 - create IPUIPlugin
2023-11-09 17:19:08,567 [INFO] PluginManager:220 - loadIPPluginJar : add gpio
2023-11-09 17:19:08,568 [INFO] IPUIPlugin:80 - create IPUIPlugin
2023-11-09 17:19:08,569 [INFO] PluginManager:220 - loadIPPluginJar : add lorawan
2023-11-09 17:19:08,574 [INFO] IPUIPlugin:80 - create IPUIPlugin
2023-11-09 17:19:08,577 [INFO] PluginManager:220 - loadIPPluginJar : add plateformsettings
2023-11-09 17:19:08,578 [INFO] IPUIPlugin:80 - create IPUIPlugin
2023-11-09 17:19:08,578 [INFO] PluginManager:220 - loadIPPluginJar : add genericplugin
2023-11-09 17:19:08,580 [INFO] IPUIPlugin:80 - create IPUIPlugin
2023-11-09 17:19:08,581 [INFO] PluginManager:220 - loadIPPluginJar : add i3c
2023-11-09 17:19:08,586 [INFO] IPUIPlugin:80 - create IPUIPlugin
2023-11-09 17:19:08,586 [INFO] PluginManager:220 - loadIPPluginJar : add adc
2023-11-09 17:19:08,587 [INFO] IPUIPlugin:80 - create IPUIPlugin
2023-11-09 17:19:08,587 [INFO] PluginManager:220 - loadIPPluginJar : add fatfs
2023-11-09 17:19:08,592 [INFO] IPUIPlugin:80 - create IPUIPlugin
2023-11-09 17:19:08,592 [INFO] PluginManager:220 - loadIPPluginJar : add gic
2023-11-09 17:19:08,595 [INFO] IPUIPlugin:80 - create IPUIPlugin
2023-11-09 17:19:08,595 [INFO] PluginManager:220 - loadIPPluginJar : add resmgrutility
2023-11-09 17:19:08,596 [INFO] IPUIPlugin:80 - create IPUIPlugin
2023-11-09 17:19:08,596 [INFO] PluginManager:220 - loadIPPluginJar : add ltdc
2023-11-09 17:19:08,598 [INFO] IPUIPlugin:80 - create IPUIPlugin
2023-11-09 17:19:08,598 [INFO] PluginManager:220 - loadIPPluginJar : add spi
2023-11-09 17:19:08,600 [INFO] IPUIPlugin:80 - create IPUIPlugin
2023-11-09 17:19:08,600 [INFO] PluginManager:220 - loadIPPluginJar : add pdm2pcm
2023-11-09 17:19:08,604 [INFO] IPUIPlugin:80 - create IPUIPlugin
2023-11-09 17:19:08,605 [INFO] PluginManager:220 - loadIPPluginJar : add stm32_wpan
2023-11-09 17:19:08,611 [INFO] IPUIPlugin:80 - create IPUIPlugin
2023-11-09 17:19:08,611 [INFO] PluginManager:220 - loadIPPluginJar : add linkedlist
2023-11-09 17:19:08,613 [INFO] IPUIPlugin:80 - create IPUIPlugin
2023-11-09 17:19:08,614 [INFO] PluginManager:220 - loadIPPluginJar : add usbx
2023-11-09 17:19:08,616 [INFO] IPUIPlugin:80 - create IPUIPlugin
2023-11-09 17:19:08,616 [INFO] PluginManager:220 - loadIPPluginJar : add ipddr
2023-11-09 17:19:08,618 [INFO] IPUIPlugin:80 - create IPUIPlugin
2023-11-09 17:19:08,618 [INFO] PluginManager:220 - loadIPPluginJar : add cryp
2023-11-09 17:19:08,620 [INFO] IPUIPlugin:80 - create IPUIPlugin
2023-11-09 17:19:08,620 [INFO] PluginManager:220 - loadIPPluginJar : add gfxmmu
2023-11-09 17:19:08,621 [INFO] IPUIPlugin:80 - create IPUIPlugin
2023-11-09 17:19:08,621 [INFO] PluginManager:220 - loadIPPluginJar : add comp
2023-11-09 17:19:08,624 [INFO] IPUIPlugin:80 - create IPUIPlugin
2023-11-09 17:19:08,624 [INFO] PluginManager:220 - loadIPPluginJar : add openamp
2023-11-09 17:19:08,626 [INFO] IPUIPlugin:80 - create IPUIPlugin
2023-11-09 17:19:08,626 [INFO] PluginManager:220 - loadIPPluginJar : add can
2023-11-09 17:19:08,628 [INFO] IPUIPlugin:80 - create IPUIPlugin
2023-11-09 17:19:08,628 [INFO] PluginManager:220 - loadIPPluginJar : add dma3
2023-11-09 17:19:08,727 [INFO] CADModel:165 - CPN selected for project level
2023-11-09 17:19:08,727 [INFO] CADModel:114 - Register for checkConnection events
2023-11-09 17:19:08,727 [FATAL] Updater:308 - Updater called before beeing initialized
2023-11-09 17:19:08,728 [ERROR] CADModel:125 - Updater not yet initialized, retry later 
2023-11-09 17:19:08,891 [INFO] CADModel:165 - CPN selected for project level
2023-11-09 17:19:08,891 [INFO] CADModel:114 - Register for checkConnection events
2023-11-09 17:19:08,892 [FATAL] Updater:308 - Updater called before beeing initialized
2023-11-09 17:19:08,892 [ERROR] CADModel:125 - Updater not yet initialized, retry later 
2023-11-09 17:19:08,899 [FATAL] Updater:308 - Updater called before beeing initialized
2023-11-09 17:19:08,995 [FATAL] Updater:308 - Updater called before beeing initialized
2023-11-09 17:19:09,001 [INFO] DbMcusAds:53 - JSON generation date=Tue Mar 07 08:50:55 GMT 2023 (1678179055114)
2023-11-09 17:19:09,002 [FATAL] Updater:308 - Updater called before beeing initialized
2023-11-09 17:19:09,036 [WARN] DetailPanel:346 - Failed to get advertising image, set to default
2023-11-09 17:19:09,113 [FATAL] Updater:308 - Updater called before beeing initialized
2023-11-09 17:19:09,115 [FATAL] Updater:308 - Updater called before beeing initialized
2023-11-09 17:19:09,115 [FATAL] Updater:308 - Updater called before beeing initialized
2023-11-09 17:19:09,115 [WARN] DetailPanel:346 - Failed to get advertising image, set to default
2023-11-09 17:19:09,116 [FATAL] Updater:308 - Updater called before beeing initialized
2023-11-09 17:19:09,149 [ERROR] Updater:1120 - MainUpdater not yet initialized. External WinMGr cannot be set.
2023-11-09 17:19:09,151 [INFO] Updater:1056 - Updater Version found : 6.9.2
2023-11-09 17:19:09,170 [INFO] ApplicationProperties:184 - Using Application install path: /opt/st/stm32cubeide_1.13.2/plugins/com.st.stm32cube.common.mx_6.9.2.202309101412
2023-11-09 17:19:09,366 [INFO] MainUpdater:2868 - connection check result : 10
2023-11-09 17:19:09,367 [INFO] MainUpdater:285 - Updater Check For Update Now.
2023-11-09 17:19:09,367 [INFO] MicroXplorer:498 - Change Database Version : DB.6.0.92
2023-11-09 17:19:09,553 [INFO] CheckServerUpdateThread:120 - End of CheckServer Thread
2023-11-09 17:19:09,585 [INFO] MainUpdater:2868 - connection check result : 10
2023-11-09 17:19:09,588 [INFO] MainUpdater:2868 - connection check result : 10
2023-11-09 17:19:11,242 [WARN] PackLoader:240 - Cannot read IP mode file for STMicroelectronics.X-CUBE-SMBUS.2.1.0
2023-11-09 17:19:11,271 [WARN] PackLoader:240 - Cannot read IP mode file for STMicroelectronics.X-CUBE-AZRTOS-F7.1.1.0
2023-11-09 17:19:11,280 [WARN] PackLoader:240 - Cannot read IP mode file for STMicroelectronics.FP-SNS-MOTENV1.4.3.2
2023-11-09 17:19:11,286 [WARN] PackLoader:240 - Cannot read IP mode file for STMicroelectronics.FP-SNS-FLIGHT1.5.0.2
2023-11-09 17:19:11,293 [WARN] PackLoader:240 - Cannot read IP mode file for STMicroelectronics.X-CUBE-DISPLAY.3.0.0
2023-11-09 17:19:11,304 [WARN] PackLoader:240 - Cannot read IP mode file for STMicroelectronics.X-CUBE-BLE1.7.0.0
2023-11-09 17:19:11,308 [WARN] PackLoader:240 - Cannot read IP mode file for emotas.I-CUBE-CANOPEN.1.3.0
2023-11-09 17:19:11,312 [WARN] PackLoader:240 - Cannot read IP mode file for STMicroelectronics.X-CUBE-TOUCHGFX.4.22.1
2023-11-09 17:19:11,316 [WARN] PackLoader:240 - Cannot read IP mode file for STMicroelectronics.FP-SNS-SMARTAG2.1.2.0
2023-11-09 17:19:11,326 [INFO] LogOutputStream:77 - [STDOUT_REDIRECT] 1 : Invalid condition id : UX_CORESTACK_Condition cause : null
2023-11-09 17:19:11,327 [INFO] LogOutputStream:77 - [STDOUT_REDIRECT] 1 : Invalid condition id : UX_CORESTACK_Condition cause : null
2023-11-09 17:19:11,327 [INFO] LogOutputStream:77 - [STDOUT_REDIRECT] 1 : Invalid condition id : UX_CORESTACK_Condition cause : null
2023-11-09 17:19:11,327 [INFO] LogOutputStream:77 - [STDOUT_REDIRECT] 1 : Invalid condition id : UX_CORESTACK_Condition cause : null
2023-11-09 17:19:11,327 [INFO] LogOutputStream:77 - [STDOUT_REDIRECT] 1 : Invalid condition id : UX_CORESTACK_Condition cause : null
2023-11-09 17:19:11,332 [WARN] PackLoader:240 - Cannot read IP mode file for STMicroelectronics.X-CUBE-AZRTOS-WL.2.0.0
2023-11-09 17:19:11,339 [WARN] PackLoader:240 - Cannot read IP mode file for WES.I-CUBE-Cesium.1.3.0
2023-11-09 17:19:11,343 [WARN] PackLoader:240 - Cannot read IP mode file for STMicroelectronics.X-CUBE-BLE2.3.3.0
2023-11-09 17:19:11,350 [WARN] PackLoader:240 - Cannot read IP mode file for STMicroelectronics.X-CUBE-ALGOBUILD.1.3.0
2023-11-09 17:19:11,431 [WARN] PackLoader:240 - Cannot read IP mode file for STMicroelectronics.X-CUBE-AZRTOS-G0.1.1.0
2023-11-09 17:19:11,438 [WARN] PackLoader:240 - Cannot read IP mode file for STMicroelectronics.X-CUBE-NFC4.3.0.0
2023-11-09 17:19:11,447 [WARN] PackLoader:240 - Cannot read IP mode file for STMicroelectronics.X-CUBE-BLEMGR.3.0.0
2023-11-09 17:19:11,452 [WARN] PackLoader:240 - Cannot read IP mode file for STMicroelectronics.FP-ATR-SIGFOX1.3.2.0
2023-11-09 17:19:11,479 [WARN] PackLoader:240 - Cannot read IP mode file for SEGGER.I-CUBE-embOS.1.3.1
2023-11-09 17:19:11,513 [WARN] PackLoader:240 - Cannot read IP mode file for STMicroelectronics.X-CUBE-GNSS1.6.0.0
2023-11-09 17:19:11,527 [WARN] PackLoader:240 - Cannot read IP mode file for STMicroelectronics.X-CUBE-AZRTOS-F4.1.1.0
2023-11-09 17:19:11,541 [WARN] PackLoader:240 - Cannot read IP mode file for wolfSSL.I-CUBE-wolfSSL.5.6.3
2023-11-09 17:19:11,569 [WARN] PackLoader:240 - Cannot read IP mode file for STMicroelectronics.X-CUBE-AZRTOS-L5.2.0.0
2023-11-09 17:19:11,620 [WARN] PackLoader:240 - Cannot read IP mode file for STMicroelectronics.X-CUBE-MEMS1.9.6.0
2023-11-09 17:19:11,736 [WARN] PackLoader:240 - Cannot read IP mode file for STMicroelectronics.X-CUBE-EEPRMA1.4.2.0
2023-11-09 17:19:11,741 [WARN] PackLoader:240 - Cannot read IP mode file for ITTIA_DB.I-CUBE-ITTIADB.8.8.0
2023-11-09 17:19:11,747 [WARN] PackLoader:240 - Cannot read IP mode file for STMicroelectronics.X-CUBE-BLEMGR.2.0.0
2023-11-09 17:19:11,762 [WARN] ConditionMgr:438 - getConditionDescription Invalid condition id : UX DEVICE CLASS RTOS Condition cause : null
2023-11-09 17:19:11,762 [WARN] ConditionMgr:438 - getConditionDescription Invalid condition id : UX DEVICE CLASS RTOS Condition cause : null
2023-11-09 17:19:11,765 [WARN] PackLoader:240 - Cannot read IP mode file for STMicroelectronics.X-CUBE-AZRTOS-H7.3.1.0
2023-11-09 17:19:11,766 [WARN] ConditionMgr:1039 - genDependencies : Invalid condition id : UX DEVICE CLASS RTOS Condition cause : null
2023-11-09 17:19:11,766 [WARN] ConditionMgr:1039 - genDependencies : Invalid condition id : UX DEVICE CLASS RTOS Condition cause : null
2023-11-09 17:19:11,766 [WARN] ConditionMgr:1039 - genDependencies : Invalid condition id : UX DEVICE CLASS RTOS Condition cause : null
2023-11-09 17:19:11,767 [WARN] ConditionMgr:1039 - genDependencies : Invalid condition id : UX DEVICE CLASS RTOS Condition cause : null
2023-11-09 17:19:11,767 [WARN] ConditionMgr:1039 - genDependencies : Invalid condition id : UX DEVICE CLASS RTOS Condition cause : null
2023-11-09 17:19:11,772 [WARN] PackLoader:240 - Cannot read IP mode file for STMicroelectronics.X-CUBE-NFC7.1.0.1
2023-11-09 17:19:11,778 [WARN] PackLoader:240 - Cannot read IP mode file for STMicroelectronics.X-CUBE-NFC6.3.0.0
2023-11-09 17:19:11,784 [WARN] PackLoader:240 - Cannot read IP mode file for STMicroelectronics.X-CUBE-EEPRMA1.4.1.0
2023-11-09 17:19:11,787 [WARN] PackLoader:240 - Cannot read IP mode file for STMicroelectronics.X-CUBE-AI.8.1.0
2023-11-09 17:19:11,800 [WARN] ConditionMgr:438 - getConditionDescription Invalid condition id : LAN8742 Phy interface Condition cause : null
2023-11-09 17:19:11,801 [WARN] PackLoader:240 - Cannot read IP mode file for STMicroelectronics.X-CUBE-AZRTOS-L4.2.0.0
2023-11-09 17:19:11,802 [WARN] ConditionMgr:1039 - genDependencies : Invalid condition id : LAN8742 Phy interface Condition cause : null
2023-11-09 17:19:11,802 [WARN] ConditionMgr:1039 - genDependencies : Invalid condition id : LAN8742 Phy interface Condition cause : null
2023-11-09 17:19:11,803 [WARN] ConditionMgr:1039 - genDependencies : Invalid condition id : LAN8742 Phy interface Condition cause : null
2023-11-09 17:19:11,809 [WARN] PackLoader:240 - Cannot read IP mode file for STMicroelectronics.X-CUBE-SFXS2LP1.4.0.0
2023-11-09 17:19:11,813 [WARN] PackLoader:240 - Cannot read IP mode file for STMicroelectronics.X-CUBE-ISPU.1.1.0
2023-11-09 17:19:11,829 [WARN] ConditionMgr:438 - getConditionDescription Invalid condition id : UX DEVICE CLASS RTOS Condition cause : null
2023-11-09 17:19:11,830 [WARN] ConditionMgr:438 - getConditionDescription Invalid condition id : UX DEVICE CLASS RTOS Condition cause : null
2023-11-09 17:19:11,832 [WARN] PackLoader:240 - Cannot read IP mode file for STMicroelectronics.X-CUBE-AZRTOS-WB.2.0.0
2023-11-09 17:19:11,833 [WARN] ConditionMgr:1039 - genDependencies : Invalid condition id : UX DEVICE CLASS RTOS Condition cause : null
2023-11-09 17:19:11,834 [WARN] ConditionMgr:1039 - genDependencies : Invalid condition id : UX DEVICE CLASS RTOS Condition cause : null
2023-11-09 17:19:11,834 [WARN] ConditionMgr:1039 - genDependencies : Invalid condition id : UX DEVICE CLASS RTOS Condition cause : null
2023-11-09 17:19:11,835 [WARN] ConditionMgr:1039 - genDependencies : Invalid condition id : UX DEVICE CLASS RTOS Condition cause : null
2023-11-09 17:19:11,835 [WARN] ConditionMgr:1039 - genDependencies : Invalid condition id : UX DEVICE CLASS RTOS Condition cause : null
2023-11-09 17:19:11,848 [WARN] PackLoader:240 - Cannot read IP mode file for STMicroelectronics.X-CUBE-SUBG2.5.0.0
2023-11-09 17:19:11,865 [WARN] PackLoader:240 - Cannot read IP mode file for STMicroelectronics.X-CUBE-TOF1.3.3.1
2023-11-09 17:19:11,885 [WARN] PackLoader:240 - Cannot read IP mode file for STMicroelectronics.X-CUBE-AZRTOS-G4.2.0.0
2023-11-09 17:19:11,894 [WARN] PackLoader:240 - Cannot read IP mode file for Infineon.AIROC-Wi-Fi-Bluetooth-STM32.1.5.1
2023-11-09 17:19:11,900 [WARN] PackLoader:240 - Cannot read IP mode file for STMicroelectronics.FP-SNS-MOTENVWB1.1.3.0
2023-11-09 17:19:11,927 [WARN] PackLoader:240 - Cannot read IP mode file for STMicroelectronics.X-CUBE-MEMS1.10.0.0
2023-11-09 17:19:12,008 [WARN] PackLoader:240 - Cannot read IP mode file for STMicroelectronics.X-CUBE-FREERTOS.1.1.0
2023-11-09 17:19:12,011 [WARN] PackLoader:240 - Cannot read IP mode file for portGmbH.I-Cube-SoM-uGOAL.1.1.0
2023-11-09 17:19:12,014 [WARN] PackLoader:240 - Cannot read IP mode file for STMicroelectronics.X-CUBE-ALS.1.0.1
2023-11-09 17:19:12,016 [WARN] PackLoader:240 - Cannot read IP mode file for STMicroelectronics.FP-ATR-ASTRA1.2.0.0
2023-11-09 17:19:12,017 [INFO] ThirdParty:978 - Integrity check success = true
2023-11-09 17:19:12,017 [INFO] IntegrityCheckThread:100 - exiting critical section [integrity check]
2023-11-09 17:19:12,017 [INFO] IntegrityCheckThread:103 - End integrity checks thread
