2023-11-10 15:31:22,300 [ERROR] LogOutputStream:75 - [STDERR_REDIRECT] org.eclipse.core.commands.NotEnabledException: Trying to execute the disabled command com.st.stm32cube.ide.mcu.debug.swv.core.start_trace
2023-11-10 15:31:22,308 [ERROR] LogOutputStream:75 - [STDERR_REDIRECT] 	at org.eclipse.core.commands.Command.executeWithChecks(Command.java:479)
2023-11-10 15:31:22,308 [ERROR] LogOutputStream:75 - [STDERR_REDIRECT] 	at org.eclipse.core.commands.ParameterizedCommand.executeWithChecks(ParameterizedCommand.java:485)
2023-11-10 15:31:22,308 [ERROR] LogOutputStream:75 - [STDERR_REDIRECT] 	at org.eclipse.e4.core.commands.internal.HandlerServiceImpl.executeHandler(HandlerServiceImpl.java:213)
2023-11-10 15:31:22,308 [ERROR] LogOutputStream:75 - [STDERR_REDIRECT] 	at org.eclipse.ui.internal.handlers.LegacyHandlerService.executeCommand(LegacyHandlerService.java:389)
2023-11-10 15:31:22,308 [ERROR] LogOutputStream:75 - [STDERR_REDIRECT] 	at org.eclipse.ui.internal.handlers.LegacyHandlerService.executeCommand(LegacyHandlerService.java:366)
2023-11-10 15:31:22,308 [ERROR] LogOutputStream:75 - [STDERR_REDIRECT] 	at com.st.stm32cube.ide.mcu.debug.swv.core.ui.SWVView$OpenConfigAction.run(SWVView.java:86)
2023-11-10 15:31:22,309 [ERROR] LogOutputStream:75 - [STDERR_REDIRECT] 	at org.eclipse.jface.action.Action.runWithEvent(Action.java:474)
2023-11-10 15:31:22,309 [ERROR] LogOutputStream:75 - [STDERR_REDIRECT] 	at org.eclipse.jface.action.ActionContributionItem.handleWidgetSelection(ActionContributionItem.java:580)
2023-11-10 15:31:22,309 [ERROR] LogOutputStream:75 - [STDERR_REDIRECT] 	at org.eclipse.jface.action.ActionContributionItem.lambda$5(ActionContributionItem.java:453)
2023-11-10 15:31:22,309 [ERROR] LogOutputStream:75 - [STDERR_REDIRECT] 	at org.eclipse.swt.widgets.EventTable.sendEvent(EventTable.java:89)
2023-11-10 15:31:22,309 [ERROR] LogOutputStream:75 - [STDERR_REDIRECT] 	at org.eclipse.swt.widgets.Display.sendEvent(Display.java:5855)
2023-11-10 15:31:22,309 [ERROR] LogOutputStream:75 - [STDERR_REDIRECT] 	at org.eclipse.swt.widgets.Widget.sendEvent(Widget.java:1529)
2023-11-10 15:31:22,309 [ERROR] LogOutputStream:75 - [STDERR_REDIRECT] 	at org.eclipse.swt.widgets.Display.runDeferredEvents(Display.java:5065)
2023-11-10 15:31:22,309 [ERROR] LogOutputStream:75 - [STDERR_REDIRECT] 	at org.eclipse.swt.widgets.Display.readAndDispatch(Display.java:4517)
2023-11-10 15:31:22,309 [ERROR] LogOutputStream:75 - [STDERR_REDIRECT] 	at org.eclipse.e4.ui.internal.workbench.swt.PartRenderingEngine$5.run(PartRenderingEngine.java:1155)
2023-11-10 15:31:22,309 [ERROR] LogOutputStream:75 - [STDERR_REDIRECT] 	at org.eclipse.core.databinding.observable.Realm.runWithDefault(Realm.java:338)
2023-11-10 15:31:22,310 [ERROR] LogOutputStream:75 - [STDERR_REDIRECT] 	at org.eclipse.e4.ui.internal.workbench.swt.PartRenderingEngine.run(PartRenderingEngine.java:1046)
2023-11-10 15:31:22,310 [ERROR] LogOutputStream:75 - [STDERR_REDIRECT] 	at org.eclipse.e4.ui.internal.workbench.E4Workbench.createAndRunUI(E4Workbench.java:155)
2023-11-10 15:31:22,310 [ERROR] LogOutputStream:75 - [STDERR_REDIRECT] 	at org.eclipse.ui.internal.Workbench.lambda$3(Workbench.java:643)
2023-11-10 15:31:22,310 [ERROR] LogOutputStream:75 - [STDERR_REDIRECT] 	at org.eclipse.core.databinding.observable.Realm.runWithDefault(Realm.java:338)
2023-11-10 15:31:22,310 [ERROR] LogOutputStream:75 - [STDERR_REDIRECT] 	at org.eclipse.ui.internal.Workbench.createAndRunWorkbench(Workbench.java:550)
2023-11-10 15:31:22,310 [ERROR] LogOutputStream:75 - [STDERR_REDIRECT] 	at org.eclipse.ui.PlatformUI.createAndRunWorkbench(PlatformUI.java:171)
2023-11-10 15:31:22,310 [ERROR] LogOutputStream:75 - [STDERR_REDIRECT] 	at org.eclipse.ui.internal.ide.application.IDEApplication.start(IDEApplication.java:152)
2023-11-10 15:31:22,310 [ERROR] LogOutputStream:75 - [STDERR_REDIRECT] 	at org.eclipse.equinox.internal.app.EclipseAppHandle.run(EclipseAppHandle.java:203)
2023-11-10 15:31:22,310 [ERROR] LogOutputStream:75 - [STDERR_REDIRECT] 	at org.eclipse.core.runtime.internal.adaptor.EclipseAppLauncher.runApplication(EclipseAppLauncher.java:136)
2023-11-10 15:31:22,310 [ERROR] LogOutputStream:75 - [STDERR_REDIRECT] 	at org.eclipse.core.runtime.internal.adaptor.EclipseAppLauncher.start(EclipseAppLauncher.java:104)
2023-11-10 15:31:22,310 [ERROR] LogOutputStream:75 - [STDERR_REDIRECT] 	at org.eclipse.core.runtime.adaptor.EclipseStarter.run(EclipseStarter.java:402)
2023-11-10 15:31:22,311 [ERROR] LogOutputStream:75 - [STDERR_REDIRECT] 	at org.eclipse.core.runtime.adaptor.EclipseStarter.run(EclipseStarter.java:255)
2023-11-10 15:31:22,311 [ERROR] LogOutputStream:75 - [STDERR_REDIRECT] 	at java.base/jdk.internal.reflect.NativeMethodAccessorImpl.invoke0(Native Method)
2023-11-10 15:31:22,311 [ERROR] LogOutputStream:75 - [STDERR_REDIRECT] 	at java.base/jdk.internal.reflect.NativeMethodAccessorImpl.invoke(NativeMethodAccessorImpl.java:77)
2023-11-10 15:31:22,311 [ERROR] LogOutputStream:75 - [STDERR_REDIRECT] 	at java.base/jdk.internal.reflect.DelegatingMethodAccessorImpl.invoke(DelegatingMethodAccessorImpl.java:43)
2023-11-10 15:31:22,311 [ERROR] LogOutputStream:75 - [STDERR_REDIRECT] 	at java.base/java.lang.reflect.Method.invoke(Method.java:568)
2023-11-10 15:31:22,311 [ERROR] LogOutputStream:75 - [STDERR_REDIRECT] 	at org.eclipse.equinox.launcher.Main.invokeFramework(Main.java:659)
2023-11-10 15:31:22,311 [ERROR] LogOutputStream:75 - [STDERR_REDIRECT] 	at org.eclipse.equinox.launcher.Main.basicRun(Main.java:596)
2023-11-10 15:31:22,311 [ERROR] LogOutputStream:75 - [STDERR_REDIRECT] 	at org.eclipse.equinox.launcher.Main.run(Main.java:1467)
2023-11-10 15:31:22,311 [ERROR] LogOutputStream:75 - [STDERR_REDIRECT] 	at org.eclipse.equinox.launcher.Main.main(Main.java:1440)
2023-11-10 15:32:13,268 [ERROR] LogOutputStream:75 - [STDERR_REDIRECT] org.eclipse.core.commands.NotEnabledException: Trying to execute the disabled command com.st.stm32cube.ide.mcu.debug.swv.core.start_trace
2023-11-10 15:32:13,269 [ERROR] LogOutputStream:75 - [STDERR_REDIRECT] 	at org.eclipse.core.commands.Command.executeWithChecks(Command.java:479)
2023-11-10 15:32:13,269 [ERROR] LogOutputStream:75 - [STDERR_REDIRECT] 	at org.eclipse.core.commands.ParameterizedCommand.executeWithChecks(ParameterizedCommand.java:485)
2023-11-10 15:32:13,269 [ERROR] LogOutputStream:75 - [STDERR_REDIRECT] 	at org.eclipse.e4.core.commands.internal.HandlerServiceImpl.executeHandler(HandlerServiceImpl.java:213)
2023-11-10 15:32:13,270 [ERROR] LogOutputStream:75 - [STDERR_REDIRECT] 	at org.eclipse.ui.internal.handlers.LegacyHandlerService.executeCommand(LegacyHandlerService.java:389)
2023-11-10 15:32:13,270 [ERROR] LogOutputStream:75 - [STDERR_REDIRECT] 	at org.eclipse.ui.internal.handlers.LegacyHandlerService.executeCommand(LegacyHandlerService.java:366)
2023-11-10 15:32:13,270 [ERROR] LogOutputStream:75 - [STDERR_REDIRECT] 	at com.st.stm32cube.ide.mcu.debug.swv.core.ui.SWVView$OpenConfigAction.run(SWVView.java:86)
2023-11-10 15:32:13,270 [ERROR] LogOutputStream:75 - [STDERR_REDIRECT] 	at org.eclipse.jface.action.Action.runWithEvent(Action.java:474)
2023-11-10 15:32:13,271 [ERROR] LogOutputStream:75 - [STDERR_REDIRECT] 	at org.eclipse.jface.action.ActionContributionItem.handleWidgetSelection(ActionContributionItem.java:580)
2023-11-10 15:32:13,271 [ERROR] LogOutputStream:75 - [STDERR_REDIRECT] 	at org.eclipse.jface.action.ActionContributionItem.lambda$5(ActionContributionItem.java:453)
2023-11-10 15:32:13,271 [ERROR] LogOutputStream:75 - [STDERR_REDIRECT] 	at org.eclipse.swt.widgets.EventTable.sendEvent(EventTable.java:89)
2023-11-10 15:32:13,271 [ERROR] LogOutputStream:75 - [STDERR_REDIRECT] 	at org.eclipse.swt.widgets.Display.sendEvent(Display.java:5855)
2023-11-10 15:32:13,271 [ERROR] LogOutputStream:75 - [STDERR_REDIRECT] 	at org.eclipse.swt.widgets.Widget.sendEvent(Widget.java:1529)
2023-11-10 15:32:13,272 [ERROR] LogOutputStream:75 - [STDERR_REDIRECT] 	at org.eclipse.swt.widgets.Display.runDeferredEvents(Display.java:5065)
2023-11-10 15:32:13,272 [ERROR] LogOutputStream:75 - [STDERR_REDIRECT] 	at org.eclipse.swt.widgets.Display.readAndDispatch(Display.java:4517)
2023-11-10 15:32:13,272 [ERROR] LogOutputStream:75 - [STDERR_REDIRECT] 	at org.eclipse.e4.ui.internal.workbench.swt.PartRenderingEngine$5.run(PartRenderingEngine.java:1155)
2023-11-10 15:32:13,272 [ERROR] LogOutputStream:75 - [STDERR_REDIRECT] 	at org.eclipse.core.databinding.observable.Realm.runWithDefault(Realm.java:338)
2023-11-10 15:32:13,272 [ERROR] LogOutputStream:75 - [STDERR_REDIRECT] 	at org.eclipse.e4.ui.internal.workbench.swt.PartRenderingEngine.run(PartRenderingEngine.java:1046)
2023-11-10 15:32:13,273 [ERROR] LogOutputStream:75 - [STDERR_REDIRECT] 	at org.eclipse.e4.ui.internal.workbench.E4Workbench.createAndRunUI(E4Workbench.java:155)
2023-11-10 15:32:13,273 [ERROR] LogOutputStream:75 - [STDERR_REDIRECT] 	at org.eclipse.ui.internal.Workbench.lambda$3(Workbench.java:643)
2023-11-10 15:32:13,273 [ERROR] LogOutputStream:75 - [STDERR_REDIRECT] 	at org.eclipse.core.databinding.observable.Realm.runWithDefault(Realm.java:338)
2023-11-10 15:32:13,273 [ERROR] LogOutputStream:75 - [STDERR_REDIRECT] 	at org.eclipse.ui.internal.Workbench.createAndRunWorkbench(Workbench.java:550)
2023-11-10 15:32:13,274 [ERROR] LogOutputStream:75 - [STDERR_REDIRECT] 	at org.eclipse.ui.PlatformUI.createAndRunWorkbench(PlatformUI.java:171)
2023-11-10 15:32:13,274 [ERROR] LogOutputStream:75 - [STDERR_REDIRECT] 	at org.eclipse.ui.internal.ide.application.IDEApplication.start(IDEApplication.java:152)
2023-11-10 15:32:13,274 [ERROR] LogOutputStream:75 - [STDERR_REDIRECT] 	at org.eclipse.equinox.internal.app.EclipseAppHandle.run(EclipseAppHandle.java:203)
2023-11-10 15:32:13,274 [ERROR] LogOutputStream:75 - [STDERR_REDIRECT] 	at org.eclipse.core.runtime.internal.adaptor.EclipseAppLauncher.runApplication(EclipseAppLauncher.java:136)
2023-11-10 15:32:13,274 [ERROR] LogOutputStream:75 - [STDERR_REDIRECT] 	at org.eclipse.core.runtime.internal.adaptor.EclipseAppLauncher.start(EclipseAppLauncher.java:104)
2023-11-10 15:32:13,274 [ERROR] LogOutputStream:75 - [STDERR_REDIRECT] 	at org.eclipse.core.runtime.adaptor.EclipseStarter.run(EclipseStarter.java:402)
2023-11-10 15:32:13,275 [ERROR] LogOutputStream:75 - [STDERR_REDIRECT] 	at org.eclipse.core.runtime.adaptor.EclipseStarter.run(EclipseStarter.java:255)
2023-11-10 15:32:13,275 [ERROR] LogOutputStream:75 - [STDERR_REDIRECT] 	at java.base/jdk.internal.reflect.NativeMethodAccessorImpl.invoke0(Native Method)
2023-11-10 15:32:13,275 [ERROR] LogOutputStream:75 - [STDERR_REDIRECT] 	at java.base/jdk.internal.reflect.NativeMethodAccessorImpl.invoke(NativeMethodAccessorImpl.java:77)
2023-11-10 15:32:13,275 [ERROR] LogOutputStream:75 - [STDERR_REDIRECT] 	at java.base/jdk.internal.reflect.DelegatingMethodAccessorImpl.invoke(DelegatingMethodAccessorImpl.java:43)
2023-11-10 15:32:13,275 [ERROR] LogOutputStream:75 - [STDERR_REDIRECT] 	at java.base/java.lang.reflect.Method.invoke(Method.java:568)
2023-11-10 15:32:13,276 [ERROR] LogOutputStream:75 - [STDERR_REDIRECT] 	at org.eclipse.equinox.launcher.Main.invokeFramework(Main.java:659)
2023-11-10 15:32:13,276 [ERROR] LogOutputStream:75 - [STDERR_REDIRECT] 	at org.eclipse.equinox.launcher.Main.basicRun(Main.java:596)
2023-11-10 15:32:13,276 [ERROR] LogOutputStream:75 - [STDERR_REDIRECT] 	at org.eclipse.equinox.launcher.Main.run(Main.java:1467)
2023-11-10 15:32:13,276 [ERROR] LogOutputStream:75 - [STDERR_REDIRECT] 	at org.eclipse.equinox.launcher.Main.main(Main.java:1440)
2023-11-10 15:43:17,773 [ERROR] LogOutputStream:75 - [STDERR_REDIRECT] org.eclipse.core.commands.NotEnabledException: Trying to execute the disabled command com.st.stm32cube.ide.mcu.debug.swv.core.start_trace
2023-11-10 15:43:17,774 [ERROR] LogOutputStream:75 - [STDERR_REDIRECT] 	at org.eclipse.core.commands.Command.executeWithChecks(Command.java:479)
2023-11-10 15:43:17,774 [ERROR] LogOutputStream:75 - [STDERR_REDIRECT] 	at org.eclipse.core.commands.ParameterizedCommand.executeWithChecks(ParameterizedCommand.java:485)
2023-11-10 15:43:17,774 [ERROR] LogOutputStream:75 - [STDERR_REDIRECT] 	at org.eclipse.e4.core.commands.internal.HandlerServiceImpl.executeHandler(HandlerServiceImpl.java:213)
2023-11-10 15:43:17,775 [ERROR] LogOutputStream:75 - [STDERR_REDIRECT] 	at org.eclipse.ui.internal.handlers.LegacyHandlerService.executeCommand(LegacyHandlerService.java:389)
2023-11-10 15:43:17,775 [ERROR] LogOutputStream:75 - [STDERR_REDIRECT] 	at org.eclipse.ui.internal.handlers.LegacyHandlerService.executeCommand(LegacyHandlerService.java:366)
2023-11-10 15:43:17,775 [ERROR] LogOutputStream:75 - [STDERR_REDIRECT] 	at com.st.stm32cube.ide.mcu.debug.swv.core.ui.SWVView$OpenConfigAction.run(SWVView.java:86)
2023-11-10 15:43:17,775 [ERROR] LogOutputStream:75 - [STDERR_REDIRECT] 	at org.eclipse.jface.action.Action.runWithEvent(Action.java:474)
2023-11-10 15:43:17,776 [ERROR] LogOutputStream:75 - [STDERR_REDIRECT] 	at org.eclipse.jface.action.ActionContributionItem.handleWidgetSelection(ActionContributionItem.java:580)
2023-11-10 15:43:17,776 [ERROR] LogOutputStream:75 - [STDERR_REDIRECT] 	at org.eclipse.jface.action.ActionContributionItem.lambda$5(ActionContributionItem.java:453)
2023-11-10 15:43:17,776 [ERROR] LogOutputStream:75 - [STDERR_REDIRECT] 	at org.eclipse.swt.widgets.EventTable.sendEvent(EventTable.java:89)
2023-11-10 15:43:17,777 [ERROR] LogOutputStream:75 - [STDERR_REDIRECT] 	at org.eclipse.swt.widgets.Display.sendEvent(Display.java:5855)
2023-11-10 15:43:17,777 [ERROR] LogOutputStream:75 - [STDERR_REDIRECT] 	at org.eclipse.swt.widgets.Widget.sendEvent(Widget.java:1529)
2023-11-10 15:43:17,778 [ERROR] LogOutputStream:75 - [STDERR_REDIRECT] 	at org.eclipse.swt.widgets.Display.runDeferredEvents(Display.java:5065)
2023-11-10 15:43:17,778 [ERROR] LogOutputStream:75 - [STDERR_REDIRECT] 	at org.eclipse.swt.widgets.Display.readAndDispatch(Display.java:4517)
2023-11-10 15:43:17,778 [ERROR] LogOutputStream:75 - [STDERR_REDIRECT] 	at org.eclipse.e4.ui.internal.workbench.swt.PartRenderingEngine$5.run(PartRenderingEngine.java:1155)
2023-11-10 15:43:17,778 [ERROR] LogOutputStream:75 - [STDERR_REDIRECT] 	at org.eclipse.core.databinding.observable.Realm.runWithDefault(Realm.java:338)
2023-11-10 15:43:17,778 [ERROR] LogOutputStream:75 - [STDERR_REDIRECT] 	at org.eclipse.e4.ui.internal.workbench.swt.PartRenderingEngine.run(PartRenderingEngine.java:1046)
2023-11-10 15:43:17,779 [ERROR] LogOutputStream:75 - [STDERR_REDIRECT] 	at org.eclipse.e4.ui.internal.workbench.E4Workbench.createAndRunUI(E4Workbench.java:155)
2023-11-10 15:43:17,779 [ERROR] LogOutputStream:75 - [STDERR_REDIRECT] 	at org.eclipse.ui.internal.Workbench.lambda$3(Workbench.java:643)
2023-11-10 15:43:17,779 [ERROR] LogOutputStream:75 - [STDERR_REDIRECT] 	at org.eclipse.core.databinding.observable.Realm.runWithDefault(Realm.java:338)
2023-11-10 15:43:17,779 [ERROR] LogOutputStream:75 - [STDERR_REDIRECT] 	at org.eclipse.ui.internal.Workbench.createAndRunWorkbench(Workbench.java:550)
2023-11-10 15:43:17,779 [ERROR] LogOutputStream:75 - [STDERR_REDIRECT] 	at org.eclipse.ui.PlatformUI.createAndRunWorkbench(PlatformUI.java:171)
2023-11-10 15:43:17,780 [ERROR] LogOutputStream:75 - [STDERR_REDIRECT] 	at org.eclipse.ui.internal.ide.application.IDEApplication.start(IDEApplication.java:152)
2023-11-10 15:43:17,780 [ERROR] LogOutputStream:75 - [STDERR_REDIRECT] 	at org.eclipse.equinox.internal.app.EclipseAppHandle.run(EclipseAppHandle.java:203)
2023-11-10 15:43:17,780 [ERROR] LogOutputStream:75 - [STDERR_REDIRECT] 	at org.eclipse.core.runtime.internal.adaptor.EclipseAppLauncher.runApplication(EclipseAppLauncher.java:136)
2023-11-10 15:43:17,780 [ERROR] LogOutputStream:75 - [STDERR_REDIRECT] 	at org.eclipse.core.runtime.internal.adaptor.EclipseAppLauncher.start(EclipseAppLauncher.java:104)
2023-11-10 15:43:17,781 [ERROR] LogOutputStream:75 - [STDERR_REDIRECT] 	at org.eclipse.core.runtime.adaptor.EclipseStarter.run(EclipseStarter.java:402)
2023-11-10 15:43:17,781 [ERROR] LogOutputStream:75 - [STDERR_REDIRECT] 	at org.eclipse.core.runtime.adaptor.EclipseStarter.run(EclipseStarter.java:255)
2023-11-10 15:43:17,781 [ERROR] LogOutputStream:75 - [STDERR_REDIRECT] 	at java.base/jdk.internal.reflect.NativeMethodAccessorImpl.invoke0(Native Method)
2023-11-10 15:43:17,781 [ERROR] LogOutputStream:75 - [STDERR_REDIRECT] 	at java.base/jdk.internal.reflect.NativeMethodAccessorImpl.invoke(NativeMethodAccessorImpl.java:77)
2023-11-10 15:43:17,781 [ERROR] LogOutputStream:75 - [STDERR_REDIRECT] 	at java.base/jdk.internal.reflect.DelegatingMethodAccessorImpl.invoke(DelegatingMethodAccessorImpl.java:43)
2023-11-10 15:43:17,782 [ERROR] LogOutputStream:75 - [STDERR_REDIRECT] 	at java.base/java.lang.reflect.Method.invoke(Method.java:568)
2023-11-10 15:43:17,782 [ERROR] LogOutputStream:75 - [STDERR_REDIRECT] 	at org.eclipse.equinox.launcher.Main.invokeFramework(Main.java:659)
2023-11-10 15:43:17,782 [ERROR] LogOutputStream:75 - [STDERR_REDIRECT] 	at org.eclipse.equinox.launcher.Main.basicRun(Main.java:596)
2023-11-10 15:43:17,782 [ERROR] LogOutputStream:75 - [STDERR_REDIRECT] 	at org.eclipse.equinox.launcher.Main.run(Main.java:1467)
2023-11-10 15:43:17,783 [ERROR] LogOutputStream:75 - [STDERR_REDIRECT] 	at org.eclipse.equinox.launcher.Main.main(Main.java:1440)
2023-11-10 15:54:43,290 [ERROR] ConfigurationRetriever:142 - IOException on connection: sw-center.st.com
2023-11-10 15:54:43,292 [ERROR] ConfigurationRetriever:142 - IOException on connection: sw-center.st.com
2023-11-10 15:54:43,293 [ERROR] ConfigurationRetriever:142 - IOException on connection: sw-center.st.com
2023-11-10 15:54:43,400 [ERROR] ConfigurationRetriever:142 - IOException on connection: sw-center.st.com
2023-11-10 15:54:43,401 [ERROR] ConfigurationRetriever:142 - IOException on connection: sw-center.st.com
2023-11-10 15:54:43,401 [ERROR] ConfigurationRetriever:142 - IOException on connection: sw-center.st.com
2023-11-10 16:02:23,476 [ERROR] LogOutputStream:75 - [STDERR_REDIRECT] Exception in thread "AWT-EventQueue-0" org.eclipse.swt.SWTException: Device is disposed
2023-11-10 16:02:23,476 [ERROR] LogOutputStream:75 - [STDERR_REDIRECT] 	at org.eclipse.swt.SWT.error(SWT.java:4918)
2023-11-10 16:02:23,476 [ERROR] LogOutputStream:75 - [STDERR_REDIRECT] 	at org.eclipse.swt.SWT.error(SWT.java:4833)
2023-11-10 16:02:23,476 [ERROR] LogOutputStream:75 - [STDERR_REDIRECT] 	at org.eclipse.swt.SWT.error(SWT.java:4804)
2023-11-10 16:02:23,476 [ERROR] LogOutputStream:75 - [STDERR_REDIRECT] 	at org.eclipse.swt.widgets.Display.error(Display.java:1550)
2023-11-10 16:02:23,477 [ERROR] LogOutputStream:75 - [STDERR_REDIRECT] 	at org.eclipse.swt.widgets.Display.asyncExec(Display.java:919)
2023-11-10 16:02:23,477 [ERROR] LogOutputStream:75 - [STDERR_REDIRECT] 	at com.st.stm32cube.common.mx.oss.core.awtswtbridge.AwtEnvironment$2.run(AwtEnvironment.java:168)
2023-11-10 16:02:23,477 [ERROR] LogOutputStream:75 - [STDERR_REDIRECT] 	at java.desktop/java.awt.event.InvocationEvent.dispatch(InvocationEvent.java:318)
2023-11-10 16:02:23,477 [ERROR] LogOutputStream:75 - [STDERR_REDIRECT] 	at java.desktop/java.awt.EventQueue.dispatchEventImpl(EventQueue.java:771)
2023-11-10 16:02:23,477 [ERROR] LogOutputStream:75 - [STDERR_REDIRECT] 	at java.desktop/java.awt.EventQueue$4.run(EventQueue.java:722)
2023-11-10 16:02:23,477 [ERROR] LogOutputStream:75 - [STDERR_REDIRECT] 	at java.desktop/java.awt.EventQueue$4.run(EventQueue.java:716)
2023-11-10 16:02:23,477 [ERROR] LogOutputStream:75 - [STDERR_REDIRECT] 	at java.base/java.security.AccessController.doPrivileged(AccessController.java:399)
2023-11-10 16:02:23,477 [ERROR] LogOutputStream:75 - [STDERR_REDIRECT] 	at java.base/java.security.ProtectionDomain$JavaSecurityAccessImpl.doIntersectionPrivilege(ProtectionDomain.java:86)
2023-11-10 16:02:23,477 [ERROR] LogOutputStream:75 - [STDERR_REDIRECT] 	at java.desktop/java.awt.EventQueue.dispatchEvent(EventQueue.java:741)
2023-11-10 16:02:23,477 [ERROR] LogOutputStream:75 - [STDERR_REDIRECT] 	at java.desktop/java.awt.EventDispatchThread.pumpOneEventForFilters(EventDispatchThread.java:203)
2023-11-10 16:02:23,477 [ERROR] LogOutputStream:75 - [STDERR_REDIRECT] 	at java.desktop/java.awt.EventDispatchThread.pumpEventsForFilter(EventDispatchThread.java:124)
2023-11-10 16:02:23,477 [ERROR] LogOutputStream:75 - [STDERR_REDIRECT] 	at java.desktop/java.awt.EventDispatchThread.pumpEventsForHierarchy(EventDispatchThread.java:113)
2023-11-10 16:02:23,477 [ERROR] LogOutputStream:75 - [STDERR_REDIRECT] 	at java.desktop/java.awt.EventDispatchThread.pumpEvents(EventDispatchThread.java:109)
2023-11-10 16:02:23,478 [ERROR] LogOutputStream:75 - [STDERR_REDIRECT] 	at java.desktop/java.awt.EventDispatchThread.pumpEvents(EventDispatchThread.java:101)
2023-11-10 16:02:23,478 [ERROR] LogOutputStream:75 - [STDERR_REDIRECT] 	at java.desktop/java.awt.EventDispatchThread.run(EventDispatchThread.java:90)
2023-11-10 16:02:29,200 [INFO] Activator:176 - 


2023-11-10 16:02:29,201 [INFO] Activator:177 - !SESSION log4j initialized
2023-11-10 16:02:33,246 [INFO] LogOutputStream:77 - [STDOUT_REDIRECT] 
2023-11-10 16:02:33,888 [INFO] ApplicationProperties:184 - Using Application install path: /opt/st/stm32cubeide_1.13.2/plugins/com.st.stm32cube.common.mx_6.9.2.202309101412
2023-11-10 16:02:33,909 [INFO] DbMcusXml:78 - Set database path to: /opt/st/stm32cubeide_1.13.2/plugins/com.st.stm32cube.common.mx_6.9.2.202309101412//db//mcu/
2023-11-10 16:02:33,910 [INFO] ApiDb:274 - Set plugin database path to: /opt/st/stm32cubeide_1.13.2/plugins/com.st.stm32cube.common.mx_6.9.2.202309101412//db//plugins/boardmanager/
2023-11-10 16:02:33,910 [WARN] ApiDb:259 - Overriding images path with different value:  => /opt/st/stm32cubeide_1.13.2/plugins/com.st.stm32cube.common.mx_6.9.2.202309101412//db//plugins/mcufinder/images/
2023-11-10 16:02:33,922 [INFO] ApiDb:250 - Set database path to: /home/joel/.stmcufinder/plugins/mcufinder//mcu/
2023-11-10 16:02:33,924 [INFO] DbMcusAds:125 - Set database path to: /home/joel/.stmcufinder/plugins/mcufinder//mcu/
2023-11-10 16:02:33,928 [INFO] CrossReferenceDbSqlite:203 - Set database path to: /home/joel/.stmcufinder/plugins/mcufinder//mcu/cs/
2023-11-10 16:02:34,044 [INFO] RulesReader:64 - Compatibility file has been processed (293 Rules)
2023-11-10 16:02:34,109 [INFO] DbMcusXml:78 - Set database path to: /opt/st/stm32cubeide_1.13.2/plugins/com.st.stm32cube.common.mx_6.9.2.202309101412//db//mcu/
2023-11-10 16:02:34,110 [INFO] ApiDb:274 - Set plugin database path to: /opt/st/stm32cubeide_1.13.2/plugins/com.st.stm32cube.common.mx_6.9.2.202309101412//db//plugins/boardmanager/
2023-11-10 16:02:34,110 [INFO] ApiDb:261 - Set plugin images path to: /opt/st/stm32cubeide_1.13.2/plugins/com.st.stm32cube.common.mx_6.9.2.202309101412//db//plugins/mcufinder/images/
2023-11-10 16:02:34,110 [WARN] DbFile:41 - Overriding database path with different value: /home/joel/.stmcufinder/plugins/mcufinder/ => /home/joel/.stmcufinder/plugins/mcufinder
2023-11-10 16:02:34,111 [INFO] ApiDb:250 - Set database path to: /home/joel/.stmcufinder/plugins/mcufinder//mcu/
2023-11-10 16:02:34,111 [WARN] DbFile:41 - Overriding database path with different value: /home/joel/.stmcufinder/plugins/mcufinder/ => /home/joel/.stmcufinder/plugins/mcufinder
2023-11-10 16:02:34,111 [INFO] DbMcusAds:125 - Set database path to: /home/joel/.stmcufinder/plugins/mcufinder//mcu/
2023-11-10 16:02:34,111 [WARN] DbFile:41 - Overriding database path with different value: /home/joel/.stmcufinder/plugins/mcufinder/ => /home/joel/.stmcufinder/plugins/mcufinder
2023-11-10 16:02:34,111 [WARN] DbFile:41 - Overriding database path with different value: /home/joel/.stmcufinder/plugins/mcufinder/ => /home/joel/.stmcufinder/plugins/mcufinder
2023-11-10 16:02:34,111 [INFO] CrossReferenceDbSqlite:203 - Set database path to: /home/joel/.stmcufinder/plugins/mcufinder//mcu/cs/
2023-11-10 16:02:34,202 [INFO] MainPanel:262 - HeapMemory: 268435456
2023-11-10 16:02:34,307 [INFO] DbMcusXml:78 - Set database path to: /opt/st/stm32cubeide_1.13.2/plugins/com.st.stm32cube.common.mx_6.9.2.202309101412//db//mcu/
2023-11-10 16:02:34,307 [INFO] ApiDb:274 - Set plugin database path to: /opt/st/stm32cubeide_1.13.2/plugins/com.st.stm32cube.common.mx_6.9.2.202309101412//db//plugins/boardmanager/
2023-11-10 16:02:34,307 [INFO] ApiDb:261 - Set plugin images path to: /opt/st/stm32cubeide_1.13.2/plugins/com.st.stm32cube.common.mx_6.9.2.202309101412//db//plugins/mcufinder/images/
2023-11-10 16:02:34,308 [WARN] DbFile:41 - Overriding database path with different value: /home/joel/.stmcufinder/plugins/mcufinder/ => /home/joel/.stmcufinder/plugins/mcufinder
2023-11-10 16:02:34,308 [INFO] ApiDb:250 - Set database path to: /home/joel/.stmcufinder/plugins/mcufinder//mcu/
2023-11-10 16:02:34,308 [WARN] DbFile:41 - Overriding database path with different value: /home/joel/.stmcufinder/plugins/mcufinder/ => /home/joel/.stmcufinder/plugins/mcufinder
2023-11-10 16:02:34,308 [INFO] DbMcusAds:125 - Set database path to: /home/joel/.stmcufinder/plugins/mcufinder//mcu/
2023-11-10 16:02:34,309 [WARN] DbFile:41 - Overriding database path with different value: /home/joel/.stmcufinder/plugins/mcufinder/ => /home/joel/.stmcufinder/plugins/mcufinder
2023-11-10 16:02:34,309 [WARN] DbFile:41 - Overriding database path with different value: /home/joel/.stmcufinder/plugins/mcufinder/ => /home/joel/.stmcufinder/plugins/mcufinder
2023-11-10 16:02:34,309 [INFO] CrossReferenceDbSqlite:203 - Set database path to: /home/joel/.stmcufinder/plugins/mcufinder//mcu/cs/
2023-11-10 16:02:34,326 [INFO] ApplicationProperties:184 - Using Application install path: /opt/st/stm32cubeide_1.13.2/plugins/com.st.stm32cube.common.mx_6.9.2.202309101412
2023-11-10 16:02:34,328 [INFO] PluginManage:196 - Search for loadable plugins [exclusion list=, ]
2023-11-10 16:02:34,329 [INFO] PluginManage:310 - Check plugin analytics
2023-11-10 16:02:34,535 [INFO] AnalyticsPlugin:253 - Accepted Software Licenses: 
2023-11-10 16:02:34,535 [INFO] AnalyticsPlugin:255 - Accepted CMSIS Pack Licenses: STMicroelectronics.X-CUBE-ALGOBUILD.1.3.0
2023-11-10 16:02:34,535 [INFO] AnalyticsPlugin:257 - Accepted Firmware Licenses: FW.L4.1.18.0
2023-11-10 16:02:34,538 [INFO] PluginManage:359 - Loaded plugin analytics (category:tool,tabindex:-1)
2023-11-10 16:02:34,538 [INFO] PluginManage:310 - Check plugin cadmodel
2023-11-10 16:02:34,573 [INFO] CADModel:105 - Init CAD model plugin
2023-11-10 16:02:34,573 [INFO] PluginManage:359 - Loaded plugin cadmodel (category:power,tabindex:5)
2023-11-10 16:02:34,573 [INFO] PluginManage:310 - Check plugin clock
2023-11-10 16:02:34,584 [INFO] PluginManage:359 - Loaded plugin clock (category:base,tabindex:2)
2023-11-10 16:02:34,585 [INFO] PluginManage:310 - Check plugin ddr
2023-11-10 16:02:34,587 [INFO] PluginManage:359 - Loaded plugin ddr (category:tool,tabindex:6)
2023-11-10 16:02:34,587 [INFO] PluginManage:310 - Check plugin filemanager
2023-11-10 16:02:34,750 [INFO] PluginManage:359 - Loaded plugin filemanager (category:base,tabindex:10)
2023-11-10 16:02:34,750 [INFO] PluginManage:310 - Check plugin ipmanager
2023-11-10 16:02:34,757 [INFO] PluginManage:359 - Loaded plugin ipmanager (category:base,tabindex:5)
2023-11-10 16:02:34,757 [INFO] PluginManage:310 - Check plugin lpbam
2023-11-10 16:02:34,768 [INFO] PluginManage:359 - Loaded plugin lpbam (category:base,tabindex:0)
2023-11-10 16:02:34,768 [INFO] PluginManage:310 - Check plugin memorymap
2023-11-10 16:02:34,782 [INFO] PluginManage:359 - Loaded plugin memorymap (category:base,tabindex:4)
2023-11-10 16:02:34,782 [INFO] PluginManage:310 - Check plugin pinoutandconfiguration
2023-11-10 16:02:34,791 [INFO] PluginManage:359 - Loaded plugin pinoutandconfiguration (category:base,tabindex:1)
2023-11-10 16:02:34,791 [INFO] PluginManage:310 - Check plugin pinoutconfig
2023-11-10 16:02:34,891 [WARN] SupportedApi:132 - Cannot load RTOS API schema: s4s-elt-must-match.1: The content of 'definitions' must match (annotation?, (simpleType | complexType)?, (unique | key | keyref)*)). A problem was found starting at: attribute.
2023-11-10 16:02:35,038 [INFO] PluginManage:359 - Loaded plugin pinoutconfig (category:base,tabindex:0)
2023-11-10 16:02:35,038 [INFO] PluginManage:310 - Check plugin power
2023-11-10 16:02:35,050 [INFO] PluginManage:359 - Loaded plugin power (category:power,tabindex:4)
2023-11-10 16:02:35,051 [INFO] PluginManage:310 - Check plugin projectmanager
2023-11-10 16:02:35,070 [INFO] PluginManage:359 - Loaded plugin projectmanager (category:projectmanager,tabindex:3)
2023-11-10 16:02:35,070 [INFO] PluginManage:310 - Check plugin thirdparty
2023-11-10 16:02:35,276 [INFO] PluginManage:359 - Loaded plugin thirdparty (category:base,tabindex:-1)
2023-11-10 16:02:35,275 [WARN] IntegrityCheckThread:84 - waiting for thirdparty lock release [integrity check]
2023-11-10 16:02:35,276 [INFO] IntegrityCheckThread:86 - entering critical section [integrity check]
2023-11-10 16:02:35,276 [INFO] PluginManage:310 - Check plugin tools
2023-11-10 16:02:35,277 [INFO] ThirdPartyUpdaterWithRetryManager:70 - Updater plugin not ready yet. [1/15]
2023-11-10 16:02:35,281 [INFO] PluginManage:359 - Loaded plugin tools (category:base,tabindex:7)
2023-11-10 16:02:35,281 [INFO] PluginManage:310 - Check plugin tutovideos
2023-11-10 16:02:35,443 [INFO] PluginManage:359 - Loaded plugin tutovideos (category:base,tabindex:-1)
2023-11-10 16:02:35,443 [INFO] PluginManage:310 - Check plugin updater
2023-11-10 16:02:35,454 [INFO] PluginManage:359 - Loaded plugin updater (category:base,tabindex:12)
2023-11-10 16:02:35,454 [INFO] PluginManage:310 - Check plugin userauth
2023-11-10 16:02:35,459 [INFO] UserAuth:113 - Init User Auth plugin
2023-11-10 16:02:35,460 [INFO] PluginManage:359 - Loaded plugin userauth (category:base,tabindex:14)
2023-11-10 16:02:35,460 [INFO] PluginManage:283 - PluginManage : Loaded plugins [17]
2023-11-10 16:02:35,656 [INFO] PinOutPanel:1499 - setPackage(No Configuration,No Configuration)
2023-11-10 16:02:35,741 [INFO] CADModel:165 - CPN selected for project level
2023-11-10 16:02:35,742 [INFO] CADModel:114 - Register for checkConnection events
2023-11-10 16:02:35,755 [INFO] IPUIPlugin:80 - create IPUIPlugin
2023-11-10 16:02:35,755 [INFO] PluginManager:220 - loadIPPluginJar : add i2s
2023-11-10 16:02:35,761 [INFO] IPUIPlugin:80 - create IPUIPlugin
2023-11-10 16:02:35,761 [INFO] PluginManager:220 - loadIPPluginJar : add fmc
2023-11-10 16:02:35,762 [INFO] IPUIPlugin:80 - create IPUIPlugin
2023-11-10 16:02:35,763 [INFO] PluginManager:220 - loadIPPluginJar : add quadspi
2023-11-10 16:02:35,764 [INFO] IPUIPlugin:80 - create IPUIPlugin
2023-11-10 16:02:35,764 [INFO] PluginManager:220 - loadIPPluginJar : add tim
2023-11-10 16:02:35,768 [INFO] IPUIPlugin:80 - create IPUIPlugin
2023-11-10 16:02:35,768 [INFO] PluginManager:220 - loadIPPluginJar : add sai
2023-11-10 16:02:35,771 [INFO] IPUIPlugin:80 - create IPUIPlugin
2023-11-10 16:02:35,771 [INFO] PluginManager:220 - loadIPPluginJar : add opamp
2023-11-10 16:02:35,775 [INFO] IPUIPlugin:80 - create IPUIPlugin
2023-11-10 16:02:35,775 [INFO] PluginManager:220 - loadIPPluginJar : add nvic
2023-11-10 16:02:35,777 [INFO] IPUIPlugin:80 - create IPUIPlugin
2023-11-10 16:02:35,777 [INFO] PluginManager:220 - loadIPPluginJar : add aes
2023-11-10 16:02:35,780 [INFO] IPUIPlugin:80 - create IPUIPlugin
2023-11-10 16:02:35,780 [INFO] PluginManager:220 - loadIPPluginJar : add i2c
2023-11-10 16:02:35,782 [INFO] IPUIPlugin:80 - create IPUIPlugin
2023-11-10 16:02:35,783 [INFO] PluginManager:220 - loadIPPluginJar : add gtzc
2023-11-10 16:02:35,789 [INFO] IPUIPlugin:80 - create IPUIPlugin
2023-11-10 16:02:35,789 [INFO] PluginManager:220 - loadIPPluginJar : add mdma
2023-11-10 16:02:35,791 [INFO] IPUIPlugin:80 - create IPUIPlugin
2023-11-10 16:02:35,791 [INFO] PluginManager:220 - loadIPPluginJar : add ucpd
2023-11-10 16:02:35,793 [INFO] IPUIPlugin:80 - create IPUIPlugin
2023-11-10 16:02:35,793 [INFO] PluginManager:220 - loadIPPluginJar : add tsc
2023-11-10 16:02:35,794 [INFO] IPUIPlugin:80 - create IPUIPlugin
2023-11-10 16:02:35,795 [INFO] PluginManager:220 - loadIPPluginJar : add tracer_emb
2023-11-10 16:02:35,797 [INFO] IPUIPlugin:80 - create IPUIPlugin
2023-11-10 16:02:35,797 [INFO] PluginManager:220 - loadIPPluginJar : add ts
2023-11-10 16:02:35,801 [INFO] IPUIPlugin:80 - create IPUIPlugin
2023-11-10 16:02:35,801 [INFO] PluginManager:220 - loadIPPluginJar : add touchsensing
2023-11-10 16:02:35,804 [INFO] IPUIPlugin:80 - create IPUIPlugin
2023-11-10 16:02:35,804 [INFO] PluginManager:220 - loadIPPluginJar : add hash
2023-11-10 16:02:35,807 [INFO] IPUIPlugin:80 - create IPUIPlugin
2023-11-10 16:02:35,807 [INFO] PluginManager:220 - loadIPPluginJar : add dfsdm
2023-11-10 16:02:35,816 [INFO] IPUIPlugin:80 - create IPUIPlugin
2023-11-10 16:02:35,816 [INFO] PluginManager:220 - loadIPPluginJar : add dma
2023-11-10 16:02:35,824 [INFO] IPUIPlugin:80 - create IPUIPlugin
2023-11-10 16:02:35,825 [INFO] PluginManager:220 - loadIPPluginJar : add freertos
2023-11-10 16:02:35,828 [INFO] IPUIPlugin:80 - create IPUIPlugin
2023-11-10 16:02:35,828 [INFO] PluginManager:220 - loadIPPluginJar : add usart
2023-11-10 16:02:35,834 [INFO] IPUIPlugin:80 - create IPUIPlugin
2023-11-10 16:02:35,834 [INFO] PluginManager:220 - loadIPPluginJar : add gpio
2023-11-10 16:02:35,838 [INFO] IPUIPlugin:80 - create IPUIPlugin
2023-11-10 16:02:35,838 [INFO] PluginManager:220 - loadIPPluginJar : add lorawan
2023-11-10 16:02:35,850 [INFO] IPUIPlugin:80 - create IPUIPlugin
2023-11-10 16:02:35,855 [INFO] PluginManager:220 - loadIPPluginJar : add plateformsettings
2023-11-10 16:02:35,857 [INFO] IPUIPlugin:80 - create IPUIPlugin
2023-11-10 16:02:35,857 [INFO] PluginManager:220 - loadIPPluginJar : add genericplugin
2023-11-10 16:02:35,861 [INFO] IPUIPlugin:80 - create IPUIPlugin
2023-11-10 16:02:35,861 [INFO] PluginManager:220 - loadIPPluginJar : add i3c
2023-11-10 16:02:35,870 [INFO] IPUIPlugin:80 - create IPUIPlugin
2023-11-10 16:02:35,870 [INFO] PluginManager:220 - loadIPPluginJar : add adc
2023-11-10 16:02:35,872 [INFO] IPUIPlugin:80 - create IPUIPlugin
2023-11-10 16:02:35,872 [INFO] PluginManager:220 - loadIPPluginJar : add fatfs
2023-11-10 16:02:35,879 [INFO] IPUIPlugin:80 - create IPUIPlugin
2023-11-10 16:02:35,880 [INFO] PluginManager:220 - loadIPPluginJar : add gic
2023-11-10 16:02:35,885 [INFO] IPUIPlugin:80 - create IPUIPlugin
2023-11-10 16:02:35,885 [INFO] PluginManager:220 - loadIPPluginJar : add resmgrutility
2023-11-10 16:02:35,887 [INFO] IPUIPlugin:80 - create IPUIPlugin
2023-11-10 16:02:35,887 [INFO] PluginManager:220 - loadIPPluginJar : add ltdc
2023-11-10 16:02:35,891 [INFO] IPUIPlugin:80 - create IPUIPlugin
2023-11-10 16:02:35,891 [INFO] PluginManager:220 - loadIPPluginJar : add spi
2023-11-10 16:02:35,896 [INFO] IPUIPlugin:80 - create IPUIPlugin
2023-11-10 16:02:35,897 [INFO] PluginManager:220 - loadIPPluginJar : add pdm2pcm
2023-11-10 16:02:35,905 [INFO] IPUIPlugin:80 - create IPUIPlugin
2023-11-10 16:02:35,906 [INFO] PluginManager:220 - loadIPPluginJar : add stm32_wpan
2023-11-10 16:02:35,918 [INFO] IPUIPlugin:80 - create IPUIPlugin
2023-11-10 16:02:35,918 [INFO] PluginManager:220 - loadIPPluginJar : add linkedlist
2023-11-10 16:02:35,922 [INFO] IPUIPlugin:80 - create IPUIPlugin
2023-11-10 16:02:35,922 [INFO] PluginManager:220 - loadIPPluginJar : add usbx
2023-11-10 16:02:35,927 [INFO] IPUIPlugin:80 - create IPUIPlugin
2023-11-10 16:02:35,928 [INFO] PluginManager:220 - loadIPPluginJar : add ipddr
2023-11-10 16:02:35,932 [INFO] IPUIPlugin:80 - create IPUIPlugin
2023-11-10 16:02:35,932 [INFO] PluginManager:220 - loadIPPluginJar : add cryp
2023-11-10 16:02:35,936 [INFO] IPUIPlugin:80 - create IPUIPlugin
2023-11-10 16:02:35,936 [INFO] PluginManager:220 - loadIPPluginJar : add gfxmmu
2023-11-10 16:02:35,938 [INFO] IPUIPlugin:80 - create IPUIPlugin
2023-11-10 16:02:35,938 [INFO] PluginManager:220 - loadIPPluginJar : add comp
2023-11-10 16:02:35,942 [INFO] IPUIPlugin:80 - create IPUIPlugin
2023-11-10 16:02:35,942 [INFO] PluginManager:220 - loadIPPluginJar : add openamp
2023-11-10 16:02:35,946 [INFO] IPUIPlugin:80 - create IPUIPlugin
2023-11-10 16:02:35,946 [INFO] PluginManager:220 - loadIPPluginJar : add can
2023-11-10 16:02:35,951 [INFO] IPUIPlugin:80 - create IPUIPlugin
2023-11-10 16:02:35,951 [INFO] PluginManager:220 - loadIPPluginJar : add dma3
2023-11-10 16:02:36,064 [INFO] CADModel:165 - CPN selected for project level
2023-11-10 16:02:36,064 [INFO] CADModel:114 - Register for checkConnection events
2023-11-10 16:02:36,064 [FATAL] Updater:308 - Updater called before beeing initialized
2023-11-10 16:02:36,065 [ERROR] CADModel:125 - Updater not yet initialized, retry later 
2023-11-10 16:02:36,245 [INFO] CADModel:165 - CPN selected for project level
2023-11-10 16:02:36,245 [INFO] CADModel:114 - Register for checkConnection events
2023-11-10 16:02:36,245 [FATAL] Updater:308 - Updater called before beeing initialized
2023-11-10 16:02:36,245 [ERROR] CADModel:125 - Updater not yet initialized, retry later 
2023-11-10 16:02:36,248 [FATAL] Updater:308 - Updater called before beeing initialized
2023-11-10 16:02:36,322 [FATAL] Updater:308 - Updater called before beeing initialized
2023-11-10 16:02:36,327 [INFO] DbMcusAds:53 - JSON generation date=Tue Mar 07 08:50:55 GMT 2023 (1678179055335)
2023-11-10 16:02:36,327 [FATAL] Updater:308 - Updater called before beeing initialized
2023-11-10 16:02:36,359 [WARN] DetailPanel:346 - Failed to get advertising image, set to default
2023-11-10 16:02:36,441 [FATAL] Updater:308 - Updater called before beeing initialized
2023-11-10 16:02:36,443 [FATAL] Updater:308 - Updater called before beeing initialized
2023-11-10 16:02:36,443 [FATAL] Updater:308 - Updater called before beeing initialized
2023-11-10 16:02:36,443 [WARN] DetailPanel:346 - Failed to get advertising image, set to default
2023-11-10 16:02:36,444 [FATAL] Updater:308 - Updater called before beeing initialized
2023-11-10 16:02:36,475 [ERROR] Updater:1120 - MainUpdater not yet initialized. External WinMGr cannot be set.
2023-11-10 16:02:36,477 [INFO] Updater:1056 - Updater Version found : 6.9.2
2023-11-10 16:02:36,500 [INFO] ApplicationProperties:184 - Using Application install path: /opt/st/stm32cubeide_1.13.2/plugins/com.st.stm32cube.common.mx_6.9.2.202309101412
2023-11-10 16:02:36,624 [INFO] MainUpdater:2868 - connection check result : 10
2023-11-10 16:02:36,625 [INFO] MainUpdater:285 - Updater Check For Update Now.
2023-11-10 16:02:36,625 [INFO] MicroXplorer:498 - Change Database Version : DB.6.0.92
2023-11-10 16:02:36,633 [INFO] McuFinderGlobals:63 - Set McuFinder mode to 2 (CubeIDE integrated)
2023-11-10 16:02:36,788 [INFO] CheckServerUpdateThread:120 - End of CheckServer Thread
2023-11-10 16:02:38,409 [WARN] PackLoader:240 - Cannot read IP mode file for STMicroelectronics.X-CUBE-SMBUS.2.1.0
2023-11-10 16:02:38,435 [WARN] PackLoader:240 - Cannot read IP mode file for STMicroelectronics.X-CUBE-AZRTOS-F7.1.1.0
2023-11-10 16:02:38,444 [WARN] PackLoader:240 - Cannot read IP mode file for STMicroelectronics.FP-SNS-MOTENV1.4.3.2
2023-11-10 16:02:38,449 [WARN] PackLoader:240 - Cannot read IP mode file for STMicroelectronics.FP-SNS-FLIGHT1.5.0.2
2023-11-10 16:02:38,456 [WARN] PackLoader:240 - Cannot read IP mode file for STMicroelectronics.X-CUBE-DISPLAY.3.0.0
2023-11-10 16:02:38,467 [WARN] PackLoader:240 - Cannot read IP mode file for STMicroelectronics.X-CUBE-BLE1.7.0.0
2023-11-10 16:02:38,471 [WARN] PackLoader:240 - Cannot read IP mode file for emotas.I-CUBE-CANOPEN.1.3.0
2023-11-10 16:02:38,475 [WARN] PackLoader:240 - Cannot read IP mode file for STMicroelectronics.X-CUBE-TOUCHGFX.4.22.1
2023-11-10 16:02:38,478 [WARN] PackLoader:240 - Cannot read IP mode file for STMicroelectronics.FP-SNS-SMARTAG2.1.2.0
2023-11-10 16:02:38,487 [INFO] LogOutputStream:77 - [STDOUT_REDIRECT] 1 : Invalid condition id : UX_CORESTACK_Condition cause : null
2023-11-10 16:02:38,488 [INFO] LogOutputStream:77 - [STDOUT_REDIRECT] 1 : Invalid condition id : UX_CORESTACK_Condition cause : null
2023-11-10 16:02:38,488 [INFO] LogOutputStream:77 - [STDOUT_REDIRECT] 1 : Invalid condition id : UX_CORESTACK_Condition cause : null
2023-11-10 16:02:38,488 [INFO] LogOutputStream:77 - [STDOUT_REDIRECT] 1 : Invalid condition id : UX_CORESTACK_Condition cause : null
2023-11-10 16:02:38,488 [INFO] LogOutputStream:77 - [STDOUT_REDIRECT] 1 : Invalid condition id : UX_CORESTACK_Condition cause : null
2023-11-10 16:02:38,492 [WARN] PackLoader:240 - Cannot read IP mode file for STMicroelectronics.X-CUBE-AZRTOS-WL.2.0.0
2023-11-10 16:02:38,499 [WARN] PackLoader:240 - Cannot read IP mode file for WES.I-CUBE-Cesium.1.3.0
2023-11-10 16:02:38,503 [WARN] PackLoader:240 - Cannot read IP mode file for STMicroelectronics.X-CUBE-BLE2.3.3.0
2023-11-10 16:02:38,510 [WARN] PackLoader:240 - Cannot read IP mode file for STMicroelectronics.X-CUBE-ALGOBUILD.1.3.0
2023-11-10 16:02:38,589 [WARN] PackLoader:240 - Cannot read IP mode file for STMicroelectronics.X-CUBE-AZRTOS-G0.1.1.0
2023-11-10 16:02:38,596 [WARN] PackLoader:240 - Cannot read IP mode file for STMicroelectronics.X-CUBE-NFC4.3.0.0
2023-11-10 16:02:38,603 [WARN] PackLoader:240 - Cannot read IP mode file for STMicroelectronics.X-CUBE-BLEMGR.3.0.0
2023-11-10 16:02:38,608 [WARN] PackLoader:240 - Cannot read IP mode file for STMicroelectronics.FP-ATR-SIGFOX1.3.2.0
2023-11-10 16:02:38,634 [WARN] PackLoader:240 - Cannot read IP mode file for SEGGER.I-CUBE-embOS.1.3.1
2023-11-10 16:02:38,693 [WARN] PackLoader:240 - Cannot read IP mode file for STMicroelectronics.X-CUBE-GNSS1.6.0.0
2023-11-10 16:02:38,714 [WARN] PackLoader:240 - Cannot read IP mode file for STMicroelectronics.X-CUBE-AZRTOS-F4.1.1.0
2023-11-10 16:02:38,722 [WARN] PackLoader:240 - Cannot read IP mode file for wolfSSL.I-CUBE-wolfSSL.5.6.3
2023-11-10 16:02:38,740 [WARN] PackLoader:240 - Cannot read IP mode file for STMicroelectronics.X-CUBE-AZRTOS-L5.2.0.0
2023-11-10 16:02:38,789 [WARN] PackLoader:240 - Cannot read IP mode file for STMicroelectronics.X-CUBE-MEMS1.9.6.0
2023-11-10 16:02:38,986 [WARN] PackLoader:240 - Cannot read IP mode file for STMicroelectronics.X-CUBE-EEPRMA1.4.2.0
2023-11-10 16:02:38,992 [WARN] PackLoader:240 - Cannot read IP mode file for ITTIA_DB.I-CUBE-ITTIADB.8.8.0
2023-11-10 16:02:39,000 [WARN] PackLoader:240 - Cannot read IP mode file for STMicroelectronics.X-CUBE-BLEMGR.2.0.0
2023-11-10 16:02:39,022 [WARN] ConditionMgr:438 - getConditionDescription Invalid condition id : UX DEVICE CLASS RTOS Condition cause : null
2023-11-10 16:02:39,023 [WARN] ConditionMgr:438 - getConditionDescription Invalid condition id : UX DEVICE CLASS RTOS Condition cause : null
2023-11-10 16:02:39,027 [WARN] PackLoader:240 - Cannot read IP mode file for STMicroelectronics.X-CUBE-AZRTOS-H7.3.1.0
2023-11-10 16:02:39,028 [WARN] ConditionMgr:1039 - genDependencies : Invalid condition id : UX DEVICE CLASS RTOS Condition cause : null
2023-11-10 16:02:39,029 [WARN] ConditionMgr:1039 - genDependencies : Invalid condition id : UX DEVICE CLASS RTOS Condition cause : null
2023-11-10 16:02:39,029 [WARN] ConditionMgr:1039 - genDependencies : Invalid condition id : UX DEVICE CLASS RTOS Condition cause : null
2023-11-10 16:02:39,030 [WARN] ConditionMgr:1039 - genDependencies : Invalid condition id : UX DEVICE CLASS RTOS Condition cause : null
2023-11-10 16:02:39,030 [WARN] ConditionMgr:1039 - genDependencies : Invalid condition id : UX DEVICE CLASS RTOS Condition cause : null
2023-11-10 16:02:39,037 [WARN] PackLoader:240 - Cannot read IP mode file for STMicroelectronics.X-CUBE-NFC7.1.0.1
2023-11-10 16:02:39,047 [WARN] PackLoader:240 - Cannot read IP mode file for STMicroelectronics.X-CUBE-NFC6.3.0.0
2023-11-10 16:02:39,073 [WARN] PackLoader:240 - Cannot read IP mode file for STMicroelectronics.X-CUBE-EEPRMA1.4.1.0
2023-11-10 16:02:39,078 [WARN] PackLoader:240 - Cannot read IP mode file for STMicroelectronics.X-CUBE-AI.8.1.0
2023-11-10 16:02:39,101 [WARN] ConditionMgr:438 - getConditionDescription Invalid condition id : LAN8742 Phy interface Condition cause : null
2023-11-10 16:02:39,103 [WARN] PackLoader:240 - Cannot read IP mode file for STMicroelectronics.X-CUBE-AZRTOS-L4.2.0.0
2023-11-10 16:02:39,104 [WARN] ConditionMgr:1039 - genDependencies : Invalid condition id : LAN8742 Phy interface Condition cause : null
2023-11-10 16:02:39,105 [WARN] ConditionMgr:1039 - genDependencies : Invalid condition id : LAN8742 Phy interface Condition cause : null
2023-11-10 16:02:39,105 [WARN] ConditionMgr:1039 - genDependencies : Invalid condition id : LAN8742 Phy interface Condition cause : null
2023-11-10 16:02:39,114 [WARN] PackLoader:240 - Cannot read IP mode file for STMicroelectronics.X-CUBE-SFXS2LP1.4.0.0
2023-11-10 16:02:39,119 [WARN] PackLoader:240 - Cannot read IP mode file for STMicroelectronics.X-CUBE-ISPU.1.1.0
2023-11-10 16:02:39,139 [WARN] ConditionMgr:438 - getConditionDescription Invalid condition id : UX DEVICE CLASS RTOS Condition cause : null
2023-11-10 16:02:39,139 [WARN] ConditionMgr:438 - getConditionDescription Invalid condition id : UX DEVICE CLASS RTOS Condition cause : null
2023-11-10 16:02:39,142 [WARN] PackLoader:240 - Cannot read IP mode file for STMicroelectronics.X-CUBE-AZRTOS-WB.2.0.0
2023-11-10 16:02:39,143 [WARN] ConditionMgr:1039 - genDependencies : Invalid condition id : UX DEVICE CLASS RTOS Condition cause : null
2023-11-10 16:02:39,143 [WARN] ConditionMgr:1039 - genDependencies : Invalid condition id : UX DEVICE CLASS RTOS Condition cause : null
2023-11-10 16:02:39,144 [WARN] ConditionMgr:1039 - genDependencies : Invalid condition id : UX DEVICE CLASS RTOS Condition cause : null
2023-11-10 16:02:39,144 [WARN] ConditionMgr:1039 - genDependencies : Invalid condition id : UX DEVICE CLASS RTOS Condition cause : null
2023-11-10 16:02:39,144 [WARN] ConditionMgr:1039 - genDependencies : Invalid condition id : UX DEVICE CLASS RTOS Condition cause : null
2023-11-10 16:02:39,156 [WARN] PackLoader:240 - Cannot read IP mode file for STMicroelectronics.X-CUBE-SUBG2.5.0.0
2023-11-10 16:02:39,174 [WARN] PackLoader:240 - Cannot read IP mode file for STMicroelectronics.X-CUBE-TOF1.3.3.1
2023-11-10 16:02:39,196 [WARN] PackLoader:240 - Cannot read IP mode file for STMicroelectronics.X-CUBE-AZRTOS-G4.2.0.0
2023-11-10 16:02:39,210 [WARN] PackLoader:240 - Cannot read IP mode file for Infineon.AIROC-Wi-Fi-Bluetooth-STM32.1.5.1
2023-11-10 16:02:39,215 [WARN] PackLoader:240 - Cannot read IP mode file for STMicroelectronics.FP-SNS-MOTENVWB1.1.3.0
2023-11-10 16:02:39,249 [WARN] PackLoader:240 - Cannot read IP mode file for STMicroelectronics.X-CUBE-MEMS1.10.0.0
2023-11-10 16:02:39,329 [WARN] PackLoader:240 - Cannot read IP mode file for STMicroelectronics.X-CUBE-FREERTOS.1.1.0
2023-11-10 16:02:39,333 [WARN] PackLoader:240 - Cannot read IP mode file for portGmbH.I-Cube-SoM-uGOAL.1.1.0
2023-11-10 16:02:39,337 [WARN] PackLoader:240 - Cannot read IP mode file for STMicroelectronics.X-CUBE-ALS.1.0.1
2023-11-10 16:02:39,340 [WARN] PackLoader:240 - Cannot read IP mode file for STMicroelectronics.FP-ATR-ASTRA1.2.0.0
2023-11-10 16:02:39,341 [INFO] ThirdParty:978 - Integrity check success = true
2023-11-10 16:02:39,341 [INFO] IntegrityCheckThread:100 - exiting critical section [integrity check]
2023-11-10 16:02:39,341 [INFO] IntegrityCheckThread:103 - End integrity checks thread
2023-11-10 16:02:57,117 [ERROR] LogOutputStream:75 - [STDERR_REDIRECT] SLF4J: Failed to load class "org.slf4j.impl.StaticLoggerBinder".
2023-11-10 16:02:57,118 [ERROR] LogOutputStream:75 - [STDERR_REDIRECT] SLF4J: Defaulting to no-operation (NOP) logger implementation
2023-11-10 16:02:57,118 [ERROR] LogOutputStream:75 - [STDERR_REDIRECT] SLF4J: See http://www.slf4j.org/codes.html#StaticLoggerBinder for further details.
2023-11-10 16:16:24,219 [ERROR] ConfigurationRetriever:142 - IOException on connection: sw-center.st.com
2023-11-10 16:16:24,221 [ERROR] ConfigurationRetriever:142 - IOException on connection: sw-center.st.com
2023-11-10 16:16:24,221 [ERROR] ConfigurationRetriever:142 - IOException on connection: sw-center.st.com
2023-11-10 16:16:24,243 [ERROR] ConfigurationRetriever:142 - IOException on connection: sw-center.st.com
2023-11-10 16:16:24,244 [ERROR] ConfigurationRetriever:142 - IOException on connection: sw-center.st.com
2023-11-10 16:16:24,245 [ERROR] ConfigurationRetriever:142 - IOException on connection: sw-center.st.com
